{"/media/hkm/3E482EF0482EA69D/app sauvegarde/app livraison/api-v2/__tests__/mocks/database.mock.js": {"path":"/media/hkm/3E482EF0482EA69D/app sauvegarde/app livraison/api-v2/__tests__/mocks/database.mock.js","statementMap":{"0":{"start":{"line":4,"column":18},"end":{"line":4,"column":27}},"1":{"start":{"line":5,"column":19},"end":{"line":8,"column":1}},"2":{"start":{"line":9,"column":20},"end":{"line":9,"column":59}},"3":{"start":{"line":11,"column":17},"end":{"line":15,"column":1}},"4":{"start":{"line":18,"column":0},"end":{"line":22,"column":3}},"5":{"start":{"line":19,"column":4},"end":{"line":19,"column":26}},"6":{"start":{"line":20,"column":4},"end":{"line":20,"column":28}},"7":{"start":{"line":21,"column":4},"end":{"line":21,"column":35}},"8":{"start":{"line":24,"column":0},"end":{"line":29,"column":2}}},"fnMap":{"0":{"name":"(anonymous_0)","decl":{"start":{"line":18,"column":11},"end":{"line":18,"column":12}},"loc":{"start":{"line":18,"column":17},"end":{"line":22,"column":1}},"line":18}},"branchMap":{},"s":{"0":4,"1":4,"2":4,"3":4,"4":4,"5":18,"6":18,"7":18,"8":4},"f":{"0":18},"b":{},"_coverageSchema":"1a1c01bbd47fc00a2c39e90264f33305004495a9","hash":"755ae9af86f9e1af2672a5242c9baf36cf7d13cf"}
,"/media/hkm/3E482EF0482EA69D/app sauvegarde/app livraison/api-v2/__tests__/mocks/sentry.mock.js": {"path":"/media/hkm/3E482EF0482EA69D/app sauvegarde/app livraison/api-v2/__tests__/mocks/sentry.mock.js","statementMap":{"0":{"start":{"line":1,"column":19},"end":{"line":8,"column":1}},"1":{"start":{"line":3,"column":30},"end":{"line":3,"column":56}},"2":{"start":{"line":3,"column":50},"end":{"line":3,"column":56}},"3":{"start":{"line":4,"column":30},"end":{"line":4,"column":56}},"4":{"start":{"line":4,"column":50},"end":{"line":4,"column":56}},"5":{"start":{"line":5,"column":28},"end":{"line":5,"column":62}},"6":{"start":{"line":5,"column":53},"end":{"line":5,"column":62}},"7":{"start":{"line":10,"column":0},"end":{"line":13,"column":2}}},"fnMap":{"0":{"name":"(anonymous_0)","decl":{"start":{"line":3,"column":24},"end":{"line":3,"column":25}},"loc":{"start":{"line":3,"column":30},"end":{"line":3,"column":56}},"line":3},"1":{"name":"(anonymous_1)","decl":{"start":{"line":3,"column":30},"end":{"line":3,"column":31}},"loc":{"start":{"line":3,"column":50},"end":{"line":3,"column":56}},"line":3},"2":{"name":"(anonymous_2)","decl":{"start":{"line":4,"column":24},"end":{"line":4,"column":25}},"loc":{"start":{"line":4,"column":30},"end":{"line":4,"column":56}},"line":4},"3":{"name":"(anonymous_3)","decl":{"start":{"line":4,"column":30},"end":{"line":4,"column":31}},"loc":{"start":{"line":4,"column":50},"end":{"line":4,"column":56}},"line":4},"4":{"name":"(anonymous_4)","decl":{"start":{"line":5,"column":22},"end":{"line":5,"column":23}},"loc":{"start":{"line":5,"column":28},"end":{"line":5,"column":62}},"line":5},"5":{"name":"(anonymous_5)","decl":{"start":{"line":5,"column":28},"end":{"line":5,"column":29}},"loc":{"start":{"line":5,"column":53},"end":{"line":5,"column":62}},"line":5}},"branchMap":{},"s":{"0":2,"1":2,"2":4,"3":2,"4":4,"5":2,"6":0,"7":2},"f":{"0":2,"1":4,"2":2,"3":4,"4":2,"5":0},"b":{},"_coverageSchema":"1a1c01bbd47fc00a2c39e90264f33305004495a9","hash":"5aeda1c6a0088bbb48e12513edcc5ba1d63bc830"}
,"/media/hkm/3E482EF0482EA69D/app sauvegarde/app livraison/api-v2/middleware/auth.js": {"path":"/media/hkm/3E482EF0482EA69D/app sauvegarde/app livraison/api-v2/middleware/auth.js","statementMap":{"0":{"start":{"line":1,"column":12},"end":{"line":1,"column":35}},"1":{"start":{"line":2,"column":15},"end":{"line":2,"column":32}},"2":{"start":{"line":3,"column":13},"end":{"line":3,"column":42}},"3":{"start":{"line":4,"column":37},"end":{"line":4,"column":61}},"4":{"start":{"line":7,"column":21},"end":{"line":48,"column":1}},"5":{"start":{"line":8,"column":2},"end":{"line":47,"column":3}},"6":{"start":{"line":9,"column":23},"end":{"line":9,"column":48}},"7":{"start":{"line":10,"column":4},"end":{"line":12,"column":5}},"8":{"start":{"line":11,"column":6},"end":{"line":11,"column":63}},"9":{"start":{"line":14,"column":18},"end":{"line":14,"column":41}},"10":{"start":{"line":15,"column":4},"end":{"line":17,"column":5}},"11":{"start":{"line":16,"column":6},"end":{"line":16,"column":63}},"12":{"start":{"line":19,"column":20},"end":{"line":19,"column":48}},"13":{"start":{"line":21,"column":19},"end":{"line":24,"column":5}},"14":{"start":{"line":26,"column":4},"end":{"line":28,"column":5}},"15":{"start":{"line":27,"column":6},"end":{"line":27,"column":71}},"16":{"start":{"line":30,"column":17},"end":{"line":30,"column":31}},"17":{"start":{"line":32,"column":4},"end":{"line":34,"column":5}},"18":{"start":{"line":33,"column":6},"end":{"line":33,"column":65}},"19":{"start":{"line":36,"column":4},"end":{"line":36,"column":20}},"20":{"start":{"line":37,"column":4},"end":{"line":37,"column":11}},"21":{"start":{"line":39,"column":4},"end":{"line":41,"column":5}},"22":{"start":{"line":40,"column":6},"end":{"line":40,"column":61}},"23":{"start":{"line":42,"column":4},"end":{"line":44,"column":5}},"24":{"start":{"line":43,"column":6},"end":{"line":43,"column":63}},"25":{"start":{"line":45,"column":4},"end":{"line":45,"column":48}},"26":{"start":{"line":46,"column":4},"end":{"line":46,"column":66}},"27":{"start":{"line":51,"column":21},"end":{"line":56,"column":1}},"28":{"start":{"line":52,"column":2},"end":{"line":54,"column":3}},"29":{"start":{"line":53,"column":4},"end":{"line":53,"column":65}},"30":{"start":{"line":55,"column":2},"end":{"line":55,"column":9}},"31":{"start":{"line":59,"column":23},"end":{"line":64,"column":1}},"32":{"start":{"line":60,"column":2},"end":{"line":62,"column":3}},"33":{"start":{"line":61,"column":4},"end":{"line":61,"column":67}},"34":{"start":{"line":63,"column":2},"end":{"line":63,"column":9}},"35":{"start":{"line":67,"column":25},"end":{"line":72,"column":1}},"36":{"start":{"line":68,"column":2},"end":{"line":70,"column":3}},"37":{"start":{"line":69,"column":4},"end":{"line":69,"column":67}},"38":{"start":{"line":71,"column":2},"end":{"line":71,"column":9}},"39":{"start":{"line":75,"column":31},"end":{"line":90,"column":1}},"40":{"start":{"line":76,"column":14},"end":{"line":76,"column":46}},"41":{"start":{"line":78,"column":2},"end":{"line":80,"column":3}},"42":{"start":{"line":79,"column":4},"end":{"line":79,"column":71}},"43":{"start":{"line":82,"column":20},"end":{"line":82,"column":36}},"44":{"start":{"line":83,"column":23},"end":{"line":83,"column":49}},"45":{"start":{"line":85,"column":2},"end":{"line":87,"column":3}},"46":{"start":{"line":86,"column":4},"end":{"line":86,"column":71}},"47":{"start":{"line":89,"column":2},"end":{"line":89,"column":9}},"48":{"start":{"line":92,"column":0},"end":{"line":98,"column":2}}},"fnMap":{"0":{"name":"(anonymous_0)","decl":{"start":{"line":7,"column":21},"end":{"line":7,"column":22}},"loc":{"start":{"line":7,"column":47},"end":{"line":48,"column":1}},"line":7},"1":{"name":"(anonymous_1)","decl":{"start":{"line":51,"column":21},"end":{"line":51,"column":22}},"loc":{"start":{"line":51,"column":41},"end":{"line":56,"column":1}},"line":51},"2":{"name":"(anonymous_2)","decl":{"start":{"line":59,"column":23},"end":{"line":59,"column":24}},"loc":{"start":{"line":59,"column":43},"end":{"line":64,"column":1}},"line":59},"3":{"name":"(anonymous_3)","decl":{"start":{"line":67,"column":25},"end":{"line":67,"column":26}},"loc":{"start":{"line":67,"column":45},"end":{"line":72,"column":1}},"line":67},"4":{"name":"(anonymous_4)","decl":{"start":{"line":75,"column":31},"end":{"line":75,"column":32}},"loc":{"start":{"line":75,"column":51},"end":{"line":90,"column":1}},"line":75}},"branchMap":{"0":{"loc":{"start":{"line":10,"column":4},"end":{"line":12,"column":5}},"type":"if","locations":[{"start":{"line":10,"column":4},"end":{"line":12,"column":5}},{"start":{},"end":{}}],"line":10},"1":{"loc":{"start":{"line":10,"column":8},"end":{"line":10,"column":56}},"type":"binary-expr","locations":[{"start":{"line":10,"column":8},"end":{"line":10,"column":19}},{"start":{"line":10,"column":23},"end":{"line":10,"column":56}}],"line":10},"2":{"loc":{"start":{"line":15,"column":4},"end":{"line":17,"column":5}},"type":"if","locations":[{"start":{"line":15,"column":4},"end":{"line":17,"column":5}},{"start":{},"end":{}}],"line":15},"3":{"loc":{"start":{"line":15,"column":8},"end":{"line":15,"column":35}},"type":"binary-expr","locations":[{"start":{"line":15,"column":8},"end":{"line":15,"column":14}},{"start":{"line":15,"column":18},"end":{"line":15,"column":35}}],"line":15},"4":{"loc":{"start":{"line":26,"column":4},"end":{"line":28,"column":5}},"type":"if","locations":[{"start":{"line":26,"column":4},"end":{"line":28,"column":5}},{"start":{},"end":{}}],"line":26},"5":{"loc":{"start":{"line":32,"column":4},"end":{"line":34,"column":5}},"type":"if","locations":[{"start":{"line":32,"column":4},"end":{"line":34,"column":5}},{"start":{},"end":{}}],"line":32},"6":{"loc":{"start":{"line":39,"column":4},"end":{"line":41,"column":5}},"type":"if","locations":[{"start":{"line":39,"column":4},"end":{"line":41,"column":5}},{"start":{},"end":{}}],"line":39},"7":{"loc":{"start":{"line":42,"column":4},"end":{"line":44,"column":5}},"type":"if","locations":[{"start":{"line":42,"column":4},"end":{"line":44,"column":5}},{"start":{},"end":{}}],"line":42},"8":{"loc":{"start":{"line":52,"column":2},"end":{"line":54,"column":3}},"type":"if","locations":[{"start":{"line":52,"column":2},"end":{"line":54,"column":3}},{"start":{},"end":{}}],"line":52},"9":{"loc":{"start":{"line":60,"column":2},"end":{"line":62,"column":3}},"type":"if","locations":[{"start":{"line":60,"column":2},"end":{"line":62,"column":3}},{"start":{},"end":{}}],"line":60},"10":{"loc":{"start":{"line":68,"column":2},"end":{"line":70,"column":3}},"type":"if","locations":[{"start":{"line":68,"column":2},"end":{"line":70,"column":3}},{"start":{},"end":{}}],"line":68},"11":{"loc":{"start":{"line":78,"column":2},"end":{"line":80,"column":3}},"type":"if","locations":[{"start":{"line":78,"column":2},"end":{"line":80,"column":3}},{"start":{},"end":{}}],"line":78},"12":{"loc":{"start":{"line":78,"column":6},"end":{"line":78,"column":49}},"type":"binary-expr","locations":[{"start":{"line":78,"column":6},"end":{"line":78,"column":10}},{"start":{"line":78,"column":14},"end":{"line":78,"column":49}}],"line":78},"13":{"loc":{"start":{"line":85,"column":2},"end":{"line":87,"column":3}},"type":"if","locations":[{"start":{"line":85,"column":2},"end":{"line":87,"column":3}},{"start":{},"end":{}}],"line":85}},"s":{"0":3,"1":3,"2":3,"3":3,"4":3,"5":9,"6":9,"7":9,"8":2,"9":7,"10":7,"11":0,"12":7,"13":5,"14":5,"15":1,"16":4,"17":4,"18":1,"19":3,"20":3,"21":2,"22":1,"23":1,"24":1,"25":0,"26":0,"27":3,"28":2,"29":1,"30":1,"31":3,"32":0,"33":0,"34":0,"35":3,"36":0,"37":0,"38":0,"39":3,"40":0,"41":0,"42":0,"43":0,"44":0,"45":0,"46":0,"47":0,"48":3},"f":{"0":9,"1":2,"2":0,"3":0,"4":0},"b":{"0":[2,7],"1":[9,8],"2":[0,7],"3":[7,7],"4":[1,4],"5":[1,3],"6":[1,1],"7":[1,0],"8":[1,1],"9":[0,0],"10":[0,0],"11":[0,0],"12":[0,0],"13":[0,0]},"_coverageSchema":"1a1c01bbd47fc00a2c39e90264f33305004495a9","hash":"d3ab285f833ec78931ff742694639ccb4eb5c36b"}
,"/media/hkm/3E482EF0482EA69D/app sauvegarde/app livraison/api-v2/middleware/httpsRedirect.js": {"path":"/media/hkm/3E482EF0482EA69D/app sauvegarde/app livraison/api-v2/middleware/httpsRedirect.js","statementMap":{"0":{"start":{"line":10,"column":22},"end":{"line":37,"column":1}},"1":{"start":{"line":12,"column":4},"end":{"line":14,"column":5}},"2":{"start":{"line":13,"column":8},"end":{"line":13,"column":22}},"3":{"start":{"line":17,"column":18},"end":{"line":17,"column":50}},"4":{"start":{"line":20,"column":4},"end":{"line":22,"column":5}},"5":{"start":{"line":21,"column":8},"end":{"line":21,"column":22}},"6":{"start":{"line":25,"column":24},"end":{"line":25,"column":62}},"7":{"start":{"line":26,"column":4},"end":{"line":28,"column":5}},"8":{"start":{"line":27,"column":8},"end":{"line":27,"column":22}},"9":{"start":{"line":31,"column":17},"end":{"line":31,"column":49}},"10":{"start":{"line":32,"column":21},"end":{"line":32,"column":56}},"11":{"start":{"line":35,"column":4},"end":{"line":35,"column":98}},"12":{"start":{"line":36,"column":4},"end":{"line":36,"column":39}},"13":{"start":{"line":43,"column":18},"end":{"line":52,"column":1}},"14":{"start":{"line":44,"column":4},"end":{"line":50,"column":5}},"15":{"start":{"line":46,"column":8},"end":{"line":49,"column":10}},"16":{"start":{"line":51,"column":4},"end":{"line":51,"column":11}},"17":{"start":{"line":54,"column":0},"end":{"line":54,"column":31}},"18":{"start":{"line":55,"column":0},"end":{"line":55,"column":37}}},"fnMap":{"0":{"name":"(anonymous_0)","decl":{"start":{"line":10,"column":22},"end":{"line":10,"column":23}},"loc":{"start":{"line":10,"column":42},"end":{"line":37,"column":1}},"line":10},"1":{"name":"(anonymous_1)","decl":{"start":{"line":43,"column":18},"end":{"line":43,"column":19}},"loc":{"start":{"line":43,"column":38},"end":{"line":52,"column":1}},"line":43}},"branchMap":{"0":{"loc":{"start":{"line":12,"column":4},"end":{"line":14,"column":5}},"type":"if","locations":[{"start":{"line":12,"column":4},"end":{"line":14,"column":5}},{"start":{},"end":{}}],"line":12},"1":{"loc":{"start":{"line":20,"column":4},"end":{"line":22,"column":5}},"type":"if","locations":[{"start":{"line":20,"column":4},"end":{"line":22,"column":5}},{"start":{},"end":{}}],"line":20},"2":{"loc":{"start":{"line":20,"column":8},"end":{"line":20,"column":35}},"type":"binary-expr","locations":[{"start":{"line":20,"column":8},"end":{"line":20,"column":14}},{"start":{"line":20,"column":18},"end":{"line":20,"column":35}}],"line":20},"3":{"loc":{"start":{"line":26,"column":4},"end":{"line":28,"column":5}},"type":"if","locations":[{"start":{"line":26,"column":4},"end":{"line":28,"column":5}},{"start":{},"end":{}}],"line":26},"4":{"loc":{"start":{"line":31,"column":17},"end":{"line":31,"column":49}},"type":"binary-expr","locations":[{"start":{"line":31,"column":17},"end":{"line":31,"column":33}},{"start":{"line":31,"column":37},"end":{"line":31,"column":49}}],"line":31},"5":{"loc":{"start":{"line":44,"column":4},"end":{"line":50,"column":5}},"type":"if","locations":[{"start":{"line":44,"column":4},"end":{"line":50,"column":5}},{"start":{},"end":{}}],"line":44}},"s":{"0":2,"1":4,"2":4,"3":0,"4":0,"5":0,"6":0,"7":0,"8":0,"9":0,"10":0,"11":0,"12":0,"13":2,"14":0,"15":0,"16":0,"17":2,"18":2},"f":{"0":4,"1":0},"b":{"0":[4,0],"1":[0,0],"2":[0,0],"3":[0,0],"4":[0,0],"5":[0,0]},"_coverageSchema":"1a1c01bbd47fc00a2c39e90264f33305004495a9","hash":"1bef77f4ecfcdfb936931ced55aebb608accaaf4"}
,"/media/hkm/3E482EF0482EA69D/app sauvegarde/app livraison/api-v2/middleware/metrics.middleware.js": {"path":"/media/hkm/3E482EF0482EA69D/app sauvegarde/app livraison/api-v2/middleware/metrics.middleware.js","statementMap":{"0":{"start":{"line":6,"column":15},"end":{"line":6,"column":37}},"1":{"start":{"line":7,"column":21},"end":{"line":7,"column":45}},"2":{"start":{"line":10,"column":17},"end":{"line":10,"column":38}},"3":{"start":{"line":13,"column":0},"end":{"line":16,"column":3}},"4":{"start":{"line":19,"column":40},"end":{"line":24,"column":2}},"5":{"start":{"line":27,"column":26},"end":{"line":31,"column":2}},"6":{"start":{"line":34,"column":26},"end":{"line":37,"column":2}},"7":{"start":{"line":39,"column":0},"end":{"line":39,"column":57}},"8":{"start":{"line":40,"column":0},"end":{"line":40,"column":43}},"9":{"start":{"line":41,"column":0},"end":{"line":41,"column":43}},"10":{"start":{"line":46,"column":26},"end":{"line":72,"column":2}},"11":{"start":{"line":48,"column":4},"end":{"line":50,"column":5}},"12":{"start":{"line":49,"column":8},"end":{"line":49,"column":15}},"13":{"start":{"line":54,"column":18},"end":{"line":54,"column":55}},"14":{"start":{"line":57,"column":4},"end":{"line":61,"column":7}},"15":{"start":{"line":64,"column":4},"end":{"line":71,"column":6}},"16":{"start":{"line":77,"column":24},"end":{"line":83,"column":1}},"17":{"start":{"line":81,"column":4},"end":{"line":81,"column":50}},"18":{"start":{"line":82,"column":4},"end":{"line":82,"column":38}},"19":{"start":{"line":85,"column":0},"end":{"line":89,"column":2}}},"fnMap":{"0":{"name":"(anonymous_0)","decl":{"start":{"line":46,"column":39},"end":{"line":46,"column":40}},"loc":{"start":{"line":46,"column":59},"end":{"line":72,"column":1}},"line":46},"1":{"name":"(anonymous_1)","decl":{"start":{"line":77,"column":24},"end":{"line":77,"column":25}},"loc":{"start":{"line":77,"column":44},"end":{"line":83,"column":1}},"line":77}},"branchMap":{"0":{"loc":{"start":{"line":48,"column":4},"end":{"line":50,"column":5}},"type":"if","locations":[{"start":{"line":48,"column":4},"end":{"line":50,"column":5}},{"start":{},"end":{}}],"line":48},"1":{"loc":{"start":{"line":48,"column":8},"end":{"line":48,"column":69}},"type":"binary-expr","locations":[{"start":{"line":48,"column":8},"end":{"line":48,"column":31}},{"start":{"line":48,"column":35},"end":{"line":48,"column":69}}],"line":48},"2":{"loc":{"start":{"line":54,"column":18},"end":{"line":54,"column":55}},"type":"cond-expr","locations":[{"start":{"line":54,"column":30},"end":{"line":54,"column":44}},{"start":{"line":54,"column":47},"end":{"line":54,"column":55}}],"line":54}},"s":{"0":2,"1":2,"2":2,"3":2,"4":2,"5":2,"6":2,"7":2,"8":2,"9":2,"10":2,"11":4,"12":0,"13":4,"14":4,"15":4,"16":2,"17":0,"18":0,"19":2},"f":{"0":4,"1":0},"b":{"0":[0,4],"1":[4,4],"2":[4,0]},"_coverageSchema":"1a1c01bbd47fc00a2c39e90264f33305004495a9","hash":"41c9c2e1b050e3e0b4eca72435ba55cd39299423"}
,"/media/hkm/3E482EF0482EA69D/app sauvegarde/app livraison/api-v2/middleware/rateLimit.js": {"path":"/media/hkm/3E482EF0482EA69D/app sauvegarde/app livraison/api-v2/middleware/rateLimit.js","statementMap":{"0":{"start":{"line":1,"column":18},"end":{"line":1,"column":47}},"1":{"start":{"line":4,"column":22},"end":{"line":10,"column":2}},"2":{"start":{"line":13,"column":21},"end":{"line":19,"column":2}},"3":{"start":{"line":22,"column":26},"end":{"line":28,"column":2}},"4":{"start":{"line":31,"column":22},"end":{"line":37,"column":2}},"5":{"start":{"line":39,"column":0},"end":{"line":44,"column":2}}},"fnMap":{},"branchMap":{},"s":{"0":2,"1":2,"2":2,"3":2,"4":2,"5":2},"f":{},"b":{},"_coverageSchema":"1a1c01bbd47fc00a2c39e90264f33305004495a9","hash":"d606d8aa97bae99825db2cb677517b37f4f473ee"}
,"/media/hkm/3E482EF0482EA69D/app sauvegarde/app livraison/api-v2/middleware/validate.js": {"path":"/media/hkm/3E482EF0482EA69D/app sauvegarde/app livraison/api-v2/middleware/validate.js","statementMap":{"0":{"start":{"line":1,"column":14},"end":{"line":1,"column":28}},"1":{"start":{"line":2,"column":16},"end":{"line":2,"column":48}},"2":{"start":{"line":5,"column":17},"end":{"line":22,"column":1}},"3":{"start":{"line":5,"column":33},"end":{"line":22,"column":1}},"4":{"start":{"line":6,"column":17},"end":{"line":6,"column":36}},"5":{"start":{"line":7,"column":2},"end":{"line":10,"column":3}},"6":{"start":{"line":8,"column":4},"end":{"line":8,"column":55}},"7":{"start":{"line":9,"column":4},"end":{"line":9,"column":78}},"8":{"start":{"line":12,"column":2},"end":{"line":21,"column":3}},"9":{"start":{"line":13,"column":4},"end":{"line":13,"column":27}},"10":{"start":{"line":14,"column":4},"end":{"line":14,"column":11}},"11":{"start":{"line":16,"column":4},"end":{"line":19,"column":5}},"12":{"start":{"line":17,"column":23},"end":{"line":17,"column":66}},"13":{"start":{"line":17,"column":45},"end":{"line":17,"column":54}},"14":{"start":{"line":18,"column":6},"end":{"line":18,"column":55}},"15":{"start":{"line":20,"column":4},"end":{"line":20,"column":64}},"16":{"start":{"line":25,"column":21},"end":{"line":34,"column":1}},"17":{"start":{"line":25,"column":43},"end":{"line":34,"column":1}},"18":{"start":{"line":26,"column":16},"end":{"line":26,"column":37}},"19":{"start":{"line":27,"column":20},"end":{"line":27,"column":96}},"20":{"start":{"line":29,"column":2},"end":{"line":31,"column":3}},"21":{"start":{"line":30,"column":4},"end":{"line":30,"column":82}},"22":{"start":{"line":33,"column":2},"end":{"line":33,"column":9}},"23":{"start":{"line":37,"column":22},"end":{"line":48,"column":1}},"24":{"start":{"line":37,"column":34},"end":{"line":48,"column":1}},"25":{"start":{"line":38,"column":2},"end":{"line":47,"column":3}},"26":{"start":{"line":39,"column":4},"end":{"line":39,"column":28}},"27":{"start":{"line":40,"column":4},"end":{"line":40,"column":11}},"28":{"start":{"line":42,"column":4},"end":{"line":45,"column":5}},"29":{"start":{"line":43,"column":23},"end":{"line":43,"column":66}},"30":{"start":{"line":43,"column":45},"end":{"line":43,"column":54}},"31":{"start":{"line":44,"column":6},"end":{"line":44,"column":55}},"32":{"start":{"line":46,"column":4},"end":{"line":46,"column":67}},"33":{"start":{"line":50,"column":0},"end":{"line":54,"column":2}}},"fnMap":{"0":{"name":"(anonymous_0)","decl":{"start":{"line":5,"column":17},"end":{"line":5,"column":18}},"loc":{"start":{"line":5,"column":33},"end":{"line":22,"column":1}},"line":5},"1":{"name":"(anonymous_1)","decl":{"start":{"line":5,"column":33},"end":{"line":5,"column":34}},"loc":{"start":{"line":5,"column":53},"end":{"line":22,"column":1}},"line":5},"2":{"name":"(anonymous_2)","decl":{"start":{"line":17,"column":40},"end":{"line":17,"column":41}},"loc":{"start":{"line":17,"column":45},"end":{"line":17,"column":54}},"line":17},"3":{"name":"(anonymous_3)","decl":{"start":{"line":25,"column":21},"end":{"line":25,"column":22}},"loc":{"start":{"line":25,"column":43},"end":{"line":34,"column":1}},"line":25},"4":{"name":"(anonymous_4)","decl":{"start":{"line":25,"column":43},"end":{"line":25,"column":44}},"loc":{"start":{"line":25,"column":63},"end":{"line":34,"column":1}},"line":25},"5":{"name":"(anonymous_5)","decl":{"start":{"line":37,"column":22},"end":{"line":37,"column":23}},"loc":{"start":{"line":37,"column":34},"end":{"line":48,"column":1}},"line":37},"6":{"name":"(anonymous_6)","decl":{"start":{"line":37,"column":34},"end":{"line":37,"column":35}},"loc":{"start":{"line":37,"column":54},"end":{"line":48,"column":1}},"line":37},"7":{"name":"(anonymous_7)","decl":{"start":{"line":43,"column":40},"end":{"line":43,"column":41}},"loc":{"start":{"line":43,"column":45},"end":{"line":43,"column":54}},"line":43}},"branchMap":{"0":{"loc":{"start":{"line":7,"column":2},"end":{"line":10,"column":3}},"type":"if","locations":[{"start":{"line":7,"column":2},"end":{"line":10,"column":3}},{"start":{},"end":{}}],"line":7},"1":{"loc":{"start":{"line":16,"column":4},"end":{"line":19,"column":5}},"type":"if","locations":[{"start":{"line":16,"column":4},"end":{"line":19,"column":5}},{"start":{},"end":{}}],"line":16},"2":{"loc":{"start":{"line":25,"column":22},"end":{"line":25,"column":38}},"type":"default-arg","locations":[{"start":{"line":25,"column":34},"end":{"line":25,"column":38}}],"line":25},"3":{"loc":{"start":{"line":29,"column":2},"end":{"line":31,"column":3}},"type":"if","locations":[{"start":{"line":29,"column":2},"end":{"line":31,"column":3}},{"start":{},"end":{}}],"line":29},"4":{"loc":{"start":{"line":29,"column":6},"end":{"line":29,"column":38}},"type":"binary-expr","locations":[{"start":{"line":29,"column":6},"end":{"line":29,"column":12}},{"start":{"line":29,"column":16},"end":{"line":29,"column":38}}],"line":29},"5":{"loc":{"start":{"line":42,"column":4},"end":{"line":45,"column":5}},"type":"if","locations":[{"start":{"line":42,"column":4},"end":{"line":45,"column":5}},{"start":{},"end":{}}],"line":42}},"s":{"0":3,"1":3,"2":3,"3":31,"4":7,"5":7,"6":0,"7":0,"8":7,"9":7,"10":5,"11":2,"12":2,"13":3,"14":2,"15":0,"16":3,"17":28,"18":0,"19":0,"20":0,"21":0,"22":0,"23":3,"24":0,"25":0,"26":0,"27":0,"28":0,"29":0,"30":0,"31":0,"32":0,"33":3},"f":{"0":31,"1":7,"2":3,"3":28,"4":0,"5":0,"6":0,"7":0},"b":{"0":[0,7],"1":[2,0],"2":[0],"3":[0,0],"4":[0,0],"5":[0,0]},"_coverageSchema":"1a1c01bbd47fc00a2c39e90264f33305004495a9","hash":"c05195672213b087ff7bbb62ab3f854ec03459f7"}
,"/media/hkm/3E482EF0482EA69D/app sauvegarde/app livraison/api-v2/routes/auth.routes.js": {"path":"/media/hkm/3E482EF0482EA69D/app sauvegarde/app livraison/api-v2/routes/auth.routes.js","statementMap":{"0":{"start":{"line":1,"column":16},"end":{"line":1,"column":34}},"1":{"start":{"line":2,"column":15},"end":{"line":2,"column":34}},"2":{"start":{"line":3,"column":12},"end":{"line":3,"column":35}},"3":{"start":{"line":4,"column":15},"end":{"line":4,"column":31}},"4":{"start":{"line":6,"column":13},"end":{"line":6,"column":42}},"5":{"start":{"line":7,"column":41},"end":{"line":7,"column":65}},"6":{"start":{"line":8,"column":25},"end":{"line":8,"column":54}},"7":{"start":{"line":9,"column":21},"end":{"line":9,"column":54}},"8":{"start":{"line":10,"column":25},"end":{"line":10,"column":59}},"9":{"start":{"line":11,"column":21},"end":{"line":11,"column":57}},"10":{"start":{"line":18,"column":4},"end":{"line":18,"column":40}},"11":{"start":{"line":21,"column":0},"end":{"line":86,"column":3}},"12":{"start":{"line":22,"column":2},"end":{"line":85,"column":3}},"13":{"start":{"line":23,"column":32},"end":{"line":23,"column":40}},"14":{"start":{"line":25,"column":19},"end":{"line":31,"column":5}},"15":{"start":{"line":33,"column":4},"end":{"line":37,"column":5}},"16":{"start":{"line":34,"column":6},"end":{"line":34,"column":37}},"17":{"start":{"line":35,"column":6},"end":{"line":35,"column":91}},"18":{"start":{"line":36,"column":6},"end":{"line":36,"column":72}},"19":{"start":{"line":39,"column":17},"end":{"line":39,"column":31}},"20":{"start":{"line":41,"column":4},"end":{"line":44,"column":5}},"21":{"start":{"line":42,"column":6},"end":{"line":42,"column":101}},"22":{"start":{"line":43,"column":6},"end":{"line":43,"column":72}},"23":{"start":{"line":46,"column":4},"end":{"line":49,"column":5}},"24":{"start":{"line":47,"column":6},"end":{"line":47,"column":102}},"25":{"start":{"line":48,"column":6},"end":{"line":48,"column":65}},"26":{"start":{"line":51,"column":20},"end":{"line":51,"column":65}},"27":{"start":{"line":52,"column":4},"end":{"line":55,"column":5}},"28":{"start":{"line":53,"column":6},"end":{"line":53,"column":103}},"29":{"start":{"line":54,"column":6},"end":{"line":54,"column":72}},"30":{"start":{"line":57,"column":24},"end":{"line":61,"column":5}},"31":{"start":{"line":63,"column":25},"end":{"line":63,"column":47}},"32":{"start":{"line":64,"column":4},"end":{"line":64,"column":50}},"33":{"start":{"line":66,"column":4},"end":{"line":66,"column":76}},"34":{"start":{"line":68,"column":4},"end":{"line":81,"column":7}},"35":{"start":{"line":83,"column":4},"end":{"line":83,"column":49}},"36":{"start":{"line":84,"column":4},"end":{"line":84,"column":54}},"37":{"start":{"line":89,"column":0},"end":{"line":126,"column":3}},"38":{"start":{"line":90,"column":2},"end":{"line":125,"column":3}},"39":{"start":{"line":91,"column":29},"end":{"line":91,"column":37}},"40":{"start":{"line":93,"column":22},"end":{"line":93,"column":62}},"41":{"start":{"line":94,"column":4},"end":{"line":96,"column":5}},"42":{"start":{"line":95,"column":6},"end":{"line":95,"column":81}},"43":{"start":{"line":98,"column":4},"end":{"line":101,"column":5}},"44":{"start":{"line":99,"column":6},"end":{"line":99,"column":45}},"45":{"start":{"line":100,"column":6},"end":{"line":100,"column":65}},"46":{"start":{"line":103,"column":4},"end":{"line":103,"column":43}},"47":{"start":{"line":105,"column":24},"end":{"line":109,"column":5}},"48":{"start":{"line":111,"column":28},"end":{"line":111,"column":50}},"49":{"start":{"line":112,"column":4},"end":{"line":112,"column":63}},"50":{"start":{"line":114,"column":4},"end":{"line":114,"column":91}},"51":{"start":{"line":116,"column":4},"end":{"line":121,"column":7}},"52":{"start":{"line":123,"column":4},"end":{"line":123,"column":51}},"53":{"start":{"line":124,"column":4},"end":{"line":124,"column":54}},"54":{"start":{"line":129,"column":0},"end":{"line":141,"column":3}},"55":{"start":{"line":130,"column":2},"end":{"line":140,"column":3}},"56":{"start":{"line":131,"column":29},"end":{"line":131,"column":37}},"57":{"start":{"line":132,"column":4},"end":{"line":134,"column":5}},"58":{"start":{"line":133,"column":6},"end":{"line":133,"column":45}},"59":{"start":{"line":135,"column":4},"end":{"line":135,"column":77}},"60":{"start":{"line":136,"column":4},"end":{"line":136,"column":32}},"61":{"start":{"line":138,"column":4},"end":{"line":138,"column":50}},"62":{"start":{"line":139,"column":4},"end":{"line":139,"column":54}},"63":{"start":{"line":144,"column":0},"end":{"line":153,"column":3}},"64":{"start":{"line":145,"column":2},"end":{"line":152,"column":3}},"65":{"start":{"line":146,"column":4},"end":{"line":146,"column":43}},"66":{"start":{"line":147,"column":4},"end":{"line":147,"column":89}},"67":{"start":{"line":148,"column":4},"end":{"line":148,"column":32}},"68":{"start":{"line":150,"column":4},"end":{"line":150,"column":54}},"69":{"start":{"line":151,"column":4},"end":{"line":151,"column":54}},"70":{"start":{"line":156,"column":0},"end":{"line":181,"column":3}},"71":{"start":{"line":157,"column":2},"end":{"line":180,"column":3}},"72":{"start":{"line":158,"column":19},"end":{"line":164,"column":5}},"73":{"start":{"line":166,"column":17},"end":{"line":166,"column":31}},"74":{"start":{"line":167,"column":4},"end":{"line":177,"column":7}},"75":{"start":{"line":179,"column":4},"end":{"line":179,"column":54}},"76":{"start":{"line":183,"column":0},"end":{"line":183,"column":24}}},"fnMap":{"0":{"name":"(anonymous_0)","decl":{"start":{"line":21,"column":55},"end":{"line":21,"column":56}},"loc":{"start":{"line":21,"column":75},"end":{"line":86,"column":1}},"line":21},"1":{"name":"(anonymous_1)","decl":{"start":{"line":89,"column":50},"end":{"line":89,"column":51}},"loc":{"start":{"line":89,"column":70},"end":{"line":126,"column":1}},"line":89},"2":{"name":"(anonymous_2)","decl":{"start":{"line":129,"column":37},"end":{"line":129,"column":38}},"loc":{"start":{"line":129,"column":57},"end":{"line":141,"column":1}},"line":129},"3":{"name":"(anonymous_3)","decl":{"start":{"line":144,"column":41},"end":{"line":144,"column":42}},"loc":{"start":{"line":144,"column":61},"end":{"line":153,"column":1}},"line":144},"4":{"name":"(anonymous_4)","decl":{"start":{"line":156,"column":32},"end":{"line":156,"column":33}},"loc":{"start":{"line":156,"column":52},"end":{"line":181,"column":1}},"line":156}},"branchMap":{"0":{"loc":{"start":{"line":33,"column":4},"end":{"line":37,"column":5}},"type":"if","locations":[{"start":{"line":33,"column":4},"end":{"line":37,"column":5}},{"start":{},"end":{}}],"line":33},"1":{"loc":{"start":{"line":41,"column":4},"end":{"line":44,"column":5}},"type":"if","locations":[{"start":{"line":41,"column":4},"end":{"line":44,"column":5}},{"start":{},"end":{}}],"line":41},"2":{"loc":{"start":{"line":46,"column":4},"end":{"line":49,"column":5}},"type":"if","locations":[{"start":{"line":46,"column":4},"end":{"line":49,"column":5}},{"start":{},"end":{}}],"line":46},"3":{"loc":{"start":{"line":52,"column":4},"end":{"line":55,"column":5}},"type":"if","locations":[{"start":{"line":52,"column":4},"end":{"line":55,"column":5}},{"start":{},"end":{}}],"line":52},"4":{"loc":{"start":{"line":79,"column":56},"end":{"line":79,"column":75}},"type":"binary-expr","locations":[{"start":{"line":79,"column":56},"end":{"line":79,"column":69}},{"start":{"line":79,"column":73},"end":{"line":79,"column":75}}],"line":79},"5":{"loc":{"start":{"line":79,"column":83},"end":{"line":79,"column":102}},"type":"binary-expr","locations":[{"start":{"line":79,"column":83},"end":{"line":79,"column":96}},{"start":{"line":79,"column":100},"end":{"line":79,"column":102}}],"line":79},"6":{"loc":{"start":{"line":94,"column":4},"end":{"line":96,"column":5}},"type":"if","locations":[{"start":{"line":94,"column":4},"end":{"line":96,"column":5}},{"start":{},"end":{}}],"line":94},"7":{"loc":{"start":{"line":98,"column":4},"end":{"line":101,"column":5}},"type":"if","locations":[{"start":{"line":98,"column":4},"end":{"line":101,"column":5}},{"start":{},"end":{}}],"line":98},"8":{"loc":{"start":{"line":132,"column":4},"end":{"line":134,"column":5}},"type":"if","locations":[{"start":{"line":132,"column":4},"end":{"line":134,"column":5}},{"start":{},"end":{}}],"line":132},"9":{"loc":{"start":{"line":175,"column":56},"end":{"line":175,"column":75}},"type":"binary-expr","locations":[{"start":{"line":175,"column":56},"end":{"line":175,"column":69}},{"start":{"line":175,"column":73},"end":{"line":175,"column":75}}],"line":175},"10":{"loc":{"start":{"line":175,"column":83},"end":{"line":175,"column":102}},"type":"binary-expr","locations":[{"start":{"line":175,"column":83},"end":{"line":175,"column":96}},{"start":{"line":175,"column":100},"end":{"line":175,"column":102}}],"line":175}},"s":{"0":2,"1":2,"2":2,"3":2,"4":2,"5":2,"6":2,"7":2,"8":2,"9":2,"10":2,"11":2,"12":2,"13":2,"14":2,"15":2,"16":1,"17":1,"18":1,"19":1,"20":1,"21":0,"22":0,"23":1,"24":0,"25":0,"26":1,"27":1,"28":0,"29":0,"30":1,"31":1,"32":1,"33":1,"34":1,"35":0,"36":0,"37":2,"38":0,"39":0,"40":0,"41":0,"42":0,"43":0,"44":0,"45":0,"46":0,"47":0,"48":0,"49":0,"50":0,"51":0,"52":0,"53":0,"54":2,"55":0,"56":0,"57":0,"58":0,"59":0,"60":0,"61":0,"62":0,"63":2,"64":0,"65":0,"66":0,"67":0,"68":0,"69":0,"70":2,"71":0,"72":0,"73":0,"74":0,"75":0,"76":2},"f":{"0":2,"1":0,"2":0,"3":0,"4":0},"b":{"0":[1,1],"1":[0,1],"2":[0,1],"3":[0,1],"4":[1,1],"5":[1,1],"6":[0,0],"7":[0,0],"8":[0,0],"9":[0,0],"10":[0,0]},"_coverageSchema":"1a1c01bbd47fc00a2c39e90264f33305004495a9","hash":"0b5f7eadab7341c1fbd790d8ac42f91187f2be1f"}
,"/media/hkm/3E482EF0482EA69D/app sauvegarde/app livraison/api-v2/routes/deliveries.routes.js": {"path":"/media/hkm/3E482EF0482EA69D/app sauvegarde/app livraison/api-v2/routes/deliveries.routes.js","statementMap":{"0":{"start":{"line":1,"column":16},"end":{"line":1,"column":34}},"1":{"start":{"line":2,"column":15},"end":{"line":2,"column":31}},"2":{"start":{"line":4,"column":13},"end":{"line":4,"column":42}},"3":{"start":{"line":5,"column":39},"end":{"line":5,"column":68}},"4":{"start":{"line":6,"column":35},"end":{"line":6,"column":68}},"5":{"start":{"line":7,"column":21},"end":{"line":7,"column":57}},"6":{"start":{"line":8,"column":30},"end":{"line":8,"column":66}},"7":{"start":{"line":11,"column":0},"end":{"line":80,"column":3}},"8":{"start":{"line":12,"column":2},"end":{"line":79,"column":3}},"9":{"start":{"line":13,"column":17},"end":{"line":13,"column":46}},"10":{"start":{"line":14,"column":18},"end":{"line":14,"column":64}},"11":{"start":{"line":15,"column":19},"end":{"line":15,"column":37}},"12":{"start":{"line":16,"column":19},"end":{"line":16,"column":35}},"13":{"start":{"line":18,"column":22},"end":{"line":18,"column":52}},"14":{"start":{"line":19,"column":19},"end":{"line":19,"column":45}},"15":{"start":{"line":21,"column":4},"end":{"line":24,"column":5}},"16":{"start":{"line":22,"column":6},"end":{"line":22,"column":26}},"17":{"start":{"line":23,"column":6},"end":{"line":23,"column":57}},"18":{"start":{"line":27,"column":24},"end":{"line":30,"column":5}},"19":{"start":{"line":31,"column":18},"end":{"line":31,"column":53}},"20":{"start":{"line":33,"column":19},"end":{"line":41,"column":5}},"21":{"start":{"line":43,"column":23},"end":{"line":43,"column":25}},"22":{"start":{"line":44,"column":4},"end":{"line":63,"column":5}},"23":{"start":{"line":45,"column":20},"end":{"line":45,"column":55}},"24":{"start":{"line":46,"column":6},"end":{"line":62,"column":9}},"25":{"start":{"line":65,"column":4},"end":{"line":75,"column":7}},"26":{"start":{"line":77,"column":4},"end":{"line":77,"column":46}},"27":{"start":{"line":78,"column":4},"end":{"line":78,"column":54}},"28":{"start":{"line":83,"column":0},"end":{"line":117,"column":3}},"29":{"start":{"line":84,"column":2},"end":{"line":116,"column":3}},"30":{"start":{"line":85,"column":19},"end":{"line":90,"column":5}},"31":{"start":{"line":92,"column":23},"end":{"line":92,"column":25}},"32":{"start":{"line":93,"column":4},"end":{"line":110,"column":5}},"33":{"start":{"line":94,"column":20},"end":{"line":94,"column":55}},"34":{"start":{"line":95,"column":6},"end":{"line":109,"column":9}},"35":{"start":{"line":112,"column":4},"end":{"line":112,"column":50}},"36":{"start":{"line":114,"column":4},"end":{"line":114,"column":41}},"37":{"start":{"line":115,"column":4},"end":{"line":115,"column":54}},"38":{"start":{"line":120,"column":0},"end":{"line":153,"column":3}},"39":{"start":{"line":121,"column":2},"end":{"line":152,"column":3}},"40":{"start":{"line":122,"column":19},"end":{"line":128,"column":5}},"41":{"start":{"line":130,"column":23},"end":{"line":130,"column":25}},"42":{"start":{"line":131,"column":4},"end":{"line":146,"column":5}},"43":{"start":{"line":132,"column":20},"end":{"line":132,"column":55}},"44":{"start":{"line":133,"column":6},"end":{"line":145,"column":9}},"45":{"start":{"line":148,"column":4},"end":{"line":148,"column":50}},"46":{"start":{"line":150,"column":4},"end":{"line":150,"column":43}},"47":{"start":{"line":151,"column":4},"end":{"line":151,"column":54}},"48":{"start":{"line":156,"column":0},"end":{"line":192,"column":3}},"49":{"start":{"line":157,"column":2},"end":{"line":191,"column":3}},"50":{"start":{"line":158,"column":19},"end":{"line":164,"column":5}},"51":{"start":{"line":166,"column":4},"end":{"line":168,"column":5}},"52":{"start":{"line":167,"column":6},"end":{"line":167,"column":70}},"53":{"start":{"line":170,"column":14},"end":{"line":170,"column":28}},"54":{"start":{"line":171,"column":18},"end":{"line":171,"column":53}},"55":{"start":{"line":173,"column":4},"end":{"line":188,"column":7}},"56":{"start":{"line":190,"column":4},"end":{"line":190,"column":54}},"57":{"start":{"line":195,"column":0},"end":{"line":266,"column":3}},"58":{"start":{"line":196,"column":2},"end":{"line":265,"column":3}},"59":{"start":{"line":197,"column":92},"end":{"line":197,"column":100}},"60":{"start":{"line":200,"column":26},"end":{"line":203,"column":5}},"61":{"start":{"line":205,"column":4},"end":{"line":207,"column":5}},"62":{"start":{"line":206,"column":6},"end":{"line":206,"column":70}},"63":{"start":{"line":209,"column":4},"end":{"line":211,"column":5}},"64":{"start":{"line":210,"column":6},"end":{"line":210,"column":89}},"65":{"start":{"line":213,"column":4},"end":{"line":259,"column":5}},"66":{"start":{"line":214,"column":6},"end":{"line":218,"column":8}},"67":{"start":{"line":220,"column":23},"end":{"line":220,"column":105}},"68":{"start":{"line":221,"column":6},"end":{"line":227,"column":7}},"69":{"start":{"line":222,"column":8},"end":{"line":226,"column":10}},"70":{"start":{"line":229,"column":6},"end":{"line":229,"column":135}},"71":{"start":{"line":231,"column":11},"end":{"line":259,"column":5}},"72":{"start":{"line":232,"column":6},"end":{"line":236,"column":8}},"73":{"start":{"line":238,"column":23},"end":{"line":238,"column":105}},"74":{"start":{"line":239,"column":6},"end":{"line":241,"column":7}},"75":{"start":{"line":240,"column":8},"end":{"line":240,"column":107}},"76":{"start":{"line":243,"column":6},"end":{"line":243,"column":130}},"77":{"start":{"line":245,"column":11},"end":{"line":259,"column":5}},"78":{"start":{"line":246,"column":6},"end":{"line":250,"column":8}},"79":{"start":{"line":252,"column":6},"end":{"line":252,"column":131}},"80":{"start":{"line":255,"column":6},"end":{"line":258,"column":8}},"81":{"start":{"line":261,"column":4},"end":{"line":261,"column":32}},"82":{"start":{"line":263,"column":4},"end":{"line":263,"column":51}},"83":{"start":{"line":264,"column":4},"end":{"line":264,"column":72}},"84":{"start":{"line":269,"column":0},"end":{"line":284,"column":3}},"85":{"start":{"line":270,"column":2},"end":{"line":283,"column":3}},"86":{"start":{"line":271,"column":36},"end":{"line":271,"column":44}},"87":{"start":{"line":273,"column":4},"end":{"line":277,"column":6}},"88":{"start":{"line":279,"column":4},"end":{"line":279,"column":32}},"89":{"start":{"line":281,"column":4},"end":{"line":281,"column":51}},"90":{"start":{"line":282,"column":4},"end":{"line":282,"column":54}},"91":{"start":{"line":287,"column":0},"end":{"line":302,"column":3}},"92":{"start":{"line":288,"column":2},"end":{"line":301,"column":3}},"93":{"start":{"line":289,"column":19},"end":{"line":295,"column":5}},"94":{"start":{"line":297,"column":4},"end":{"line":297,"column":51}},"95":{"start":{"line":299,"column":4},"end":{"line":299,"column":49}},"96":{"start":{"line":300,"column":4},"end":{"line":300,"column":54}},"97":{"start":{"line":306,"column":0},"end":{"line":335,"column":3}},"98":{"start":{"line":307,"column":2},"end":{"line":334,"column":3}},"99":{"start":{"line":308,"column":21},"end":{"line":308,"column":30}},"100":{"start":{"line":309,"column":24},"end":{"line":309,"column":37}},"101":{"start":{"line":312,"column":27},"end":{"line":315,"column":5}},"102":{"start":{"line":317,"column":4},"end":{"line":319,"column":5}},"103":{"start":{"line":318,"column":6},"end":{"line":318,"column":91}},"104":{"start":{"line":321,"column":19},"end":{"line":327,"column":5}},"105":{"start":{"line":329,"column":4},"end":{"line":329,"column":51}},"106":{"start":{"line":331,"column":4},"end":{"line":331,"column":47}},"107":{"start":{"line":333,"column":4},"end":{"line":333,"column":42}},"108":{"start":{"line":337,"column":0},"end":{"line":337,"column":24}}},"fnMap":{"0":{"name":"(anonymous_0)","decl":{"start":{"line":11,"column":30},"end":{"line":11,"column":31}},"loc":{"start":{"line":11,"column":50},"end":{"line":80,"column":1}},"line":11},"1":{"name":"(anonymous_1)","decl":{"start":{"line":83,"column":35},"end":{"line":83,"column":36}},"loc":{"start":{"line":83,"column":55},"end":{"line":117,"column":1}},"line":83},"2":{"name":"(anonymous_2)","decl":{"start":{"line":120,"column":37},"end":{"line":120,"column":38}},"loc":{"start":{"line":120,"column":57},"end":{"line":153,"column":1}},"line":120},"3":{"name":"(anonymous_3)","decl":{"start":{"line":156,"column":53},"end":{"line":156,"column":54}},"loc":{"start":{"line":156,"column":73},"end":{"line":192,"column":1}},"line":156},"4":{"name":"(anonymous_4)","decl":{"start":{"line":195,"column":94},"end":{"line":195,"column":95}},"loc":{"start":{"line":195,"column":114},"end":{"line":266,"column":1}},"line":195},"5":{"name":"(anonymous_5)","decl":{"start":{"line":269,"column":67},"end":{"line":269,"column":68}},"loc":{"start":{"line":269,"column":87},"end":{"line":284,"column":1}},"line":269},"6":{"name":"(anonymous_6)","decl":{"start":{"line":287,"column":53},"end":{"line":287,"column":54}},"loc":{"start":{"line":287,"column":73},"end":{"line":302,"column":1}},"line":287},"7":{"name":"(anonymous_7)","decl":{"start":{"line":306,"column":61},"end":{"line":306,"column":62}},"loc":{"start":{"line":306,"column":81},"end":{"line":335,"column":1}},"line":306}},"branchMap":{"0":{"loc":{"start":{"line":13,"column":17},"end":{"line":13,"column":46}},"type":"binary-expr","locations":[{"start":{"line":13,"column":17},"end":{"line":13,"column":41}},{"start":{"line":13,"column":45},"end":{"line":13,"column":46}}],"line":13},"1":{"loc":{"start":{"line":14,"column":27},"end":{"line":14,"column":58}},"type":"binary-expr","locations":[{"start":{"line":14,"column":27},"end":{"line":14,"column":52}},{"start":{"line":14,"column":56},"end":{"line":14,"column":58}}],"line":14},"2":{"loc":{"start":{"line":21,"column":4},"end":{"line":24,"column":5}},"type":"if","locations":[{"start":{"line":21,"column":4},"end":{"line":24,"column":5}},{"start":{},"end":{}}],"line":21},"3":{"loc":{"start":{"line":21,"column":8},"end":{"line":21,"column":34}},"type":"binary-expr","locations":[{"start":{"line":21,"column":8},"end":{"line":21,"column":14}},{"start":{"line":21,"column":18},"end":{"line":21,"column":34}}],"line":21},"4":{"loc":{"start":{"line":51,"column":23},"end":{"line":51,"column":51}},"type":"binary-expr","locations":[{"start":{"line":51,"column":23},"end":{"line":51,"column":39}},{"start":{"line":51,"column":43},"end":{"line":51,"column":51}}],"line":51},"5":{"loc":{"start":{"line":52,"column":36},"end":{"line":52,"column":59}},"type":"binary-expr","locations":[{"start":{"line":52,"column":36},"end":{"line":52,"column":54}},{"start":{"line":52,"column":58},"end":{"line":52,"column":59}}],"line":52},"6":{"loc":{"start":{"line":57,"column":18},"end":{"line":57,"column":33}},"type":"binary-expr","locations":[{"start":{"line":57,"column":18},"end":{"line":57,"column":28}},{"start":{"line":57,"column":32},"end":{"line":57,"column":33}}],"line":57},"7":{"loc":{"start":{"line":61,"column":19},"end":{"line":61,"column":89}},"type":"cond-expr","locations":[{"start":{"line":61,"column":36},"end":{"line":61,"column":82}},{"start":{"line":61,"column":85},"end":{"line":61,"column":89}}],"line":61},"8":{"loc":{"start":{"line":100,"column":23},"end":{"line":100,"column":51}},"type":"binary-expr","locations":[{"start":{"line":100,"column":23},"end":{"line":100,"column":39}},{"start":{"line":100,"column":43},"end":{"line":100,"column":51}}],"line":100},"9":{"loc":{"start":{"line":101,"column":36},"end":{"line":101,"column":59}},"type":"binary-expr","locations":[{"start":{"line":101,"column":36},"end":{"line":101,"column":54}},{"start":{"line":101,"column":58},"end":{"line":101,"column":59}}],"line":101},"10":{"loc":{"start":{"line":106,"column":18},"end":{"line":106,"column":33}},"type":"binary-expr","locations":[{"start":{"line":106,"column":18},"end":{"line":106,"column":28}},{"start":{"line":106,"column":32},"end":{"line":106,"column":33}}],"line":106},"11":{"loc":{"start":{"line":138,"column":23},"end":{"line":138,"column":51}},"type":"binary-expr","locations":[{"start":{"line":138,"column":23},"end":{"line":138,"column":39}},{"start":{"line":138,"column":43},"end":{"line":138,"column":51}}],"line":138},"12":{"loc":{"start":{"line":139,"column":36},"end":{"line":139,"column":59}},"type":"binary-expr","locations":[{"start":{"line":139,"column":36},"end":{"line":139,"column":54}},{"start":{"line":139,"column":58},"end":{"line":139,"column":59}}],"line":139},"13":{"loc":{"start":{"line":166,"column":4},"end":{"line":168,"column":5}},"type":"if","locations":[{"start":{"line":166,"column":4},"end":{"line":168,"column":5}},{"start":{},"end":{}}],"line":166},"14":{"loc":{"start":{"line":180,"column":23},"end":{"line":180,"column":51}},"type":"binary-expr","locations":[{"start":{"line":180,"column":23},"end":{"line":180,"column":39}},{"start":{"line":180,"column":43},"end":{"line":180,"column":51}}],"line":180},"15":{"loc":{"start":{"line":181,"column":36},"end":{"line":181,"column":59}},"type":"binary-expr","locations":[{"start":{"line":181,"column":36},"end":{"line":181,"column":54}},{"start":{"line":181,"column":58},"end":{"line":181,"column":59}}],"line":181},"16":{"loc":{"start":{"line":186,"column":19},"end":{"line":186,"column":89}},"type":"cond-expr","locations":[{"start":{"line":186,"column":36},"end":{"line":186,"column":82}},{"start":{"line":186,"column":85},"end":{"line":186,"column":89}}],"line":186},"17":{"loc":{"start":{"line":205,"column":4},"end":{"line":207,"column":5}},"type":"if","locations":[{"start":{"line":205,"column":4},"end":{"line":207,"column":5}},{"start":{},"end":{}}],"line":205},"18":{"loc":{"start":{"line":209,"column":4},"end":{"line":211,"column":5}},"type":"if","locations":[{"start":{"line":209,"column":4},"end":{"line":211,"column":5}},{"start":{},"end":{}}],"line":209},"19":{"loc":{"start":{"line":213,"column":4},"end":{"line":259,"column":5}},"type":"if","locations":[{"start":{"line":213,"column":4},"end":{"line":259,"column":5}},{"start":{"line":231,"column":11},"end":{"line":259,"column":5}}],"line":213},"20":{"loc":{"start":{"line":217,"column":17},"end":{"line":217,"column":42}},"type":"binary-expr","locations":[{"start":{"line":217,"column":17},"end":{"line":217,"column":30}},{"start":{"line":217,"column":34},"end":{"line":217,"column":42}}],"line":217},"21":{"loc":{"start":{"line":217,"column":44},"end":{"line":217,"column":64}},"type":"binary-expr","locations":[{"start":{"line":217,"column":44},"end":{"line":217,"column":59}},{"start":{"line":217,"column":63},"end":{"line":217,"column":64}}],"line":217},"22":{"loc":{"start":{"line":217,"column":66},"end":{"line":217,"column":81}},"type":"binary-expr","locations":[{"start":{"line":217,"column":66},"end":{"line":217,"column":73}},{"start":{"line":217,"column":77},"end":{"line":217,"column":81}}],"line":217},"23":{"loc":{"start":{"line":221,"column":6},"end":{"line":227,"column":7}},"type":"if","locations":[{"start":{"line":221,"column":6},"end":{"line":227,"column":7}},{"start":{},"end":{}}],"line":221},"24":{"loc":{"start":{"line":225,"column":11},"end":{"line":225,"column":36}},"type":"binary-expr","locations":[{"start":{"line":225,"column":11},"end":{"line":225,"column":24}},{"start":{"line":225,"column":28},"end":{"line":225,"column":36}}],"line":225},"25":{"loc":{"start":{"line":225,"column":38},"end":{"line":225,"column":58}},"type":"binary-expr","locations":[{"start":{"line":225,"column":38},"end":{"line":225,"column":53}},{"start":{"line":225,"column":57},"end":{"line":225,"column":58}}],"line":225},"26":{"loc":{"start":{"line":231,"column":11},"end":{"line":259,"column":5}},"type":"if","locations":[{"start":{"line":231,"column":11},"end":{"line":259,"column":5}},{"start":{"line":245,"column":11},"end":{"line":259,"column":5}}],"line":231},"27":{"loc":{"start":{"line":235,"column":17},"end":{"line":235,"column":32}},"type":"binary-expr","locations":[{"start":{"line":235,"column":17},"end":{"line":235,"column":24}},{"start":{"line":235,"column":28},"end":{"line":235,"column":32}}],"line":235},"28":{"loc":{"start":{"line":235,"column":34},"end":{"line":235,"column":58}},"type":"binary-expr","locations":[{"start":{"line":235,"column":34},"end":{"line":235,"column":47}},{"start":{"line":235,"column":51},"end":{"line":235,"column":58}}],"line":235},"29":{"loc":{"start":{"line":239,"column":6},"end":{"line":241,"column":7}},"type":"if","locations":[{"start":{"line":239,"column":6},"end":{"line":241,"column":7}},{"start":{},"end":{}}],"line":239},"30":{"loc":{"start":{"line":245,"column":11},"end":{"line":259,"column":5}},"type":"if","locations":[{"start":{"line":245,"column":11},"end":{"line":259,"column":5}},{"start":{"line":254,"column":11},"end":{"line":259,"column":5}}],"line":245},"31":{"loc":{"start":{"line":249,"column":17},"end":{"line":249,"column":32}},"type":"binary-expr","locations":[{"start":{"line":249,"column":17},"end":{"line":249,"column":24}},{"start":{"line":249,"column":28},"end":{"line":249,"column":32}}],"line":249},"32":{"loc":{"start":{"line":249,"column":34},"end":{"line":249,"column":58}},"type":"binary-expr","locations":[{"start":{"line":249,"column":34},"end":{"line":249,"column":47}},{"start":{"line":249,"column":51},"end":{"line":249,"column":58}}],"line":249},"33":{"loc":{"start":{"line":249,"column":60},"end":{"line":249,"column":79}},"type":"binary-expr","locations":[{"start":{"line":249,"column":60},"end":{"line":249,"column":71}},{"start":{"line":249,"column":75},"end":{"line":249,"column":79}}],"line":249},"34":{"loc":{"start":{"line":257,"column":17},"end":{"line":257,"column":32}},"type":"binary-expr","locations":[{"start":{"line":257,"column":17},"end":{"line":257,"column":24}},{"start":{"line":257,"column":28},"end":{"line":257,"column":32}}],"line":257},"35":{"loc":{"start":{"line":317,"column":4},"end":{"line":319,"column":5}},"type":"if","locations":[{"start":{"line":317,"column":4},"end":{"line":319,"column":5}},{"start":{},"end":{}}],"line":317},"36":{"loc":{"start":{"line":326,"column":20},"end":{"line":326,"column":66}},"type":"binary-expr","locations":[{"start":{"line":326,"column":20},"end":{"line":326,"column":24}},{"start":{"line":326,"column":28},"end":{"line":326,"column":66}}],"line":326}},"s":{"0":2,"1":2,"2":2,"3":2,"4":2,"5":2,"6":2,"7":2,"8":0,"9":0,"10":0,"11":0,"12":0,"13":0,"14":0,"15":0,"16":0,"17":0,"18":0,"19":0,"20":0,"21":0,"22":0,"23":0,"24":0,"25":0,"26":0,"27":0,"28":2,"29":0,"30":0,"31":0,"32":0,"33":0,"34":0,"35":0,"36":0,"37":0,"38":2,"39":0,"40":0,"41":0,"42":0,"43":0,"44":0,"45":0,"46":0,"47":0,"48":2,"49":0,"50":0,"51":0,"52":0,"53":0,"54":0,"55":0,"56":0,"57":2,"58":0,"59":0,"60":0,"61":0,"62":0,"63":0,"64":0,"65":0,"66":0,"67":0,"68":0,"69":0,"70":0,"71":0,"72":0,"73":0,"74":0,"75":0,"76":0,"77":0,"78":0,"79":0,"80":0,"81":0,"82":0,"83":0,"84":2,"85":0,"86":0,"87":0,"88":0,"89":0,"90":0,"91":2,"92":0,"93":0,"94":0,"95":0,"96":0,"97":2,"98":0,"99":0,"100":0,"101":0,"102":0,"103":0,"104":0,"105":0,"106":0,"107":0,"108":2},"f":{"0":0,"1":0,"2":0,"3":0,"4":0,"5":0,"6":0,"7":0},"b":{"0":[0,0],"1":[0,0],"2":[0,0],"3":[0,0],"4":[0,0],"5":[0,0],"6":[0,0],"7":[0,0],"8":[0,0],"9":[0,0],"10":[0,0],"11":[0,0],"12":[0,0],"13":[0,0],"14":[0,0],"15":[0,0],"16":[0,0],"17":[0,0],"18":[0,0],"19":[0,0],"20":[0,0],"21":[0,0],"22":[0,0],"23":[0,0],"24":[0,0],"25":[0,0],"26":[0,0],"27":[0,0],"28":[0,0],"29":[0,0],"30":[0,0],"31":[0,0],"32":[0,0],"33":[0,0],"34":[0,0],"35":[0,0],"36":[0,0]},"_coverageSchema":"1a1c01bbd47fc00a2c39e90264f33305004495a9","hash":"e6fef41d6f73f0b73220f8cb84a1c67b706c502e"}
,"/media/hkm/3E482EF0482EA69D/app sauvegarde/app livraison/api-v2/routes/health.routes.js": {"path":"/media/hkm/3E482EF0482EA69D/app sauvegarde/app livraison/api-v2/routes/health.routes.js","statementMap":{"0":{"start":{"line":6,"column":16},"end":{"line":6,"column":34}},"1":{"start":{"line":7,"column":15},"end":{"line":7,"column":31}},"2":{"start":{"line":8,"column":13},"end":{"line":8,"column":42}},"3":{"start":{"line":9,"column":27},"end":{"line":9,"column":56}},"4":{"start":{"line":13,"column":0},"end":{"line":19,"column":3}},"5":{"start":{"line":14,"column":4},"end":{"line":18,"column":7}},"6":{"start":{"line":22,"column":0},"end":{"line":24,"column":3}},"7":{"start":{"line":23,"column":4},"end":{"line":23,"column":46}},"8":{"start":{"line":28,"column":0},"end":{"line":59,"column":3}},"9":{"start":{"line":29,"column":19},"end":{"line":35,"column":5}},"10":{"start":{"line":37,"column":4},"end":{"line":58,"column":5}},"11":{"start":{"line":39,"column":24},"end":{"line":39,"column":34}},"12":{"start":{"line":40,"column":8},"end":{"line":40,"column":37}},"13":{"start":{"line":41,"column":8},"end":{"line":44,"column":10}},"14":{"start":{"line":48,"column":8},"end":{"line":48,"column":37}},"15":{"start":{"line":50,"column":8},"end":{"line":50,"column":32}},"16":{"start":{"line":51,"column":8},"end":{"line":54,"column":10}},"17":{"start":{"line":57,"column":8},"end":{"line":57,"column":37}},"18":{"start":{"line":61,"column":0},"end":{"line":61,"column":24}}},"fnMap":{"0":{"name":"(anonymous_0)","decl":{"start":{"line":13,"column":16},"end":{"line":13,"column":17}},"loc":{"start":{"line":13,"column":30},"end":{"line":19,"column":1}},"line":13},"1":{"name":"(anonymous_1)","decl":{"start":{"line":22,"column":20},"end":{"line":22,"column":21}},"loc":{"start":{"line":22,"column":34},"end":{"line":24,"column":1}},"line":22},"2":{"name":"(anonymous_2)","decl":{"start":{"line":28,"column":21},"end":{"line":28,"column":22}},"loc":{"start":{"line":28,"column":41},"end":{"line":59,"column":1}},"line":28}},"branchMap":{},"s":{"0":2,"1":2,"2":2,"3":2,"4":2,"5":0,"6":2,"7":0,"8":2,"9":0,"10":0,"11":0,"12":0,"13":0,"14":0,"15":0,"16":0,"17":0,"18":2},"f":{"0":0,"1":0,"2":0},"b":{},"_coverageSchema":"1a1c01bbd47fc00a2c39e90264f33305004495a9","hash":"1a5e012df55280efcb90e9bfdac298a573897e16"}
,"/media/hkm/3E482EF0482EA69D/app sauvegarde/app livraison/api-v2/routes/orders.routes.js": {"path":"/media/hkm/3E482EF0482EA69D/app sauvegarde/app livraison/api-v2/routes/orders.routes.js","statementMap":{"0":{"start":{"line":1,"column":16},"end":{"line":1,"column":34}},"1":{"start":{"line":2,"column":15},"end":{"line":2,"column":31}},"2":{"start":{"line":4,"column":13},"end":{"line":4,"column":42}},"3":{"start":{"line":5,"column":55},"end":{"line":5,"column":84}},"4":{"start":{"line":6,"column":35},"end":{"line":6,"column":68}},"5":{"start":{"line":7,"column":21},"end":{"line":7,"column":57}},"6":{"start":{"line":8,"column":58},"end":{"line":8,"column":94}},"7":{"start":{"line":11,"column":0},"end":{"line":70,"column":3}},"8":{"start":{"line":12,"column":2},"end":{"line":69,"column":3}},"9":{"start":{"line":13,"column":17},"end":{"line":13,"column":46}},"10":{"start":{"line":14,"column":18},"end":{"line":14,"column":64}},"11":{"start":{"line":15,"column":19},"end":{"line":15,"column":37}},"12":{"start":{"line":16,"column":19},"end":{"line":16,"column":35}},"13":{"start":{"line":19,"column":22},"end":{"line":19,"column":52}},"14":{"start":{"line":20,"column":19},"end":{"line":20,"column":45}},"15":{"start":{"line":22,"column":4},"end":{"line":25,"column":5}},"16":{"start":{"line":23,"column":6},"end":{"line":23,"column":26}},"17":{"start":{"line":24,"column":6},"end":{"line":24,"column":57}},"18":{"start":{"line":28,"column":24},"end":{"line":31,"column":5}},"19":{"start":{"line":32,"column":18},"end":{"line":32,"column":53}},"20":{"start":{"line":35,"column":19},"end":{"line":43,"column":5}},"21":{"start":{"line":45,"column":19},"end":{"line":45,"column":21}},"22":{"start":{"line":46,"column":4},"end":{"line":53,"column":5}},"23":{"start":{"line":47,"column":20},"end":{"line":47,"column":49}},"24":{"start":{"line":48,"column":6},"end":{"line":52,"column":10}},"25":{"start":{"line":55,"column":4},"end":{"line":65,"column":7}},"26":{"start":{"line":67,"column":4},"end":{"line":67,"column":42}},"27":{"start":{"line":68,"column":4},"end":{"line":68,"column":54}},"28":{"start":{"line":73,"column":0},"end":{"line":91,"column":3}},"29":{"start":{"line":74,"column":2},"end":{"line":90,"column":3}},"30":{"start":{"line":75,"column":19},"end":{"line":78,"column":5}},"31":{"start":{"line":80,"column":19},"end":{"line":80,"column":21}},"32":{"start":{"line":81,"column":4},"end":{"line":84,"column":5}},"33":{"start":{"line":82,"column":20},"end":{"line":82,"column":49}},"34":{"start":{"line":83,"column":6},"end":{"line":83,"column":45}},"35":{"start":{"line":86,"column":4},"end":{"line":86,"column":46}},"36":{"start":{"line":88,"column":4},"end":{"line":88,"column":45}},"37":{"start":{"line":89,"column":4},"end":{"line":89,"column":54}},"38":{"start":{"line":94,"column":0},"end":{"line":132,"column":3}},"39":{"start":{"line":95,"column":2},"end":{"line":131,"column":3}},"40":{"start":{"line":96,"column":19},"end":{"line":105,"column":5}},"41":{"start":{"line":107,"column":19},"end":{"line":107,"column":21}},"42":{"start":{"line":108,"column":4},"end":{"line":125,"column":5}},"43":{"start":{"line":109,"column":20},"end":{"line":109,"column":49}},"44":{"start":{"line":110,"column":6},"end":{"line":124,"column":9}},"45":{"start":{"line":127,"column":4},"end":{"line":127,"column":46}},"46":{"start":{"line":129,"column":4},"end":{"line":129,"column":50}},"47":{"start":{"line":130,"column":4},"end":{"line":130,"column":54}},"48":{"start":{"line":135,"column":0},"end":{"line":189,"column":3}},"49":{"start":{"line":136,"column":2},"end":{"line":188,"column":3}},"50":{"start":{"line":137,"column":22},"end":{"line":137,"column":30}},"51":{"start":{"line":138,"column":21},"end":{"line":138,"column":32}},"52":{"start":{"line":140,"column":16},"end":{"line":140,"column":17}},"53":{"start":{"line":141,"column":4},"end":{"line":146,"column":5}},"54":{"start":{"line":142,"column":22},"end":{"line":142,"column":100}},"55":{"start":{"line":143,"column":6},"end":{"line":145,"column":7}},"56":{"start":{"line":144,"column":8},"end":{"line":144,"column":55}},"57":{"start":{"line":148,"column":4},"end":{"line":150,"column":5}},"58":{"start":{"line":149,"column":6},"end":{"line":149,"column":76}},"59":{"start":{"line":153,"column":22},"end":{"line":160,"column":5}},"60":{"start":{"line":161,"column":24},"end":{"line":161,"column":53}},"61":{"start":{"line":163,"column":24},"end":{"line":167,"column":5}},"62":{"start":{"line":169,"column":18},"end":{"line":169,"column":37}},"63":{"start":{"line":171,"column":4},"end":{"line":179,"column":5}},"64":{"start":{"line":172,"column":22},"end":{"line":172,"column":100}},"65":{"start":{"line":173,"column":6},"end":{"line":178,"column":7}},"66":{"start":{"line":174,"column":8},"end":{"line":177,"column":10}},"67":{"start":{"line":181,"column":4},"end":{"line":181,"column":110}},"68":{"start":{"line":183,"column":23},"end":{"line":183,"column":52}},"69":{"start":{"line":184,"column":4},"end":{"line":184,"column":71}},"70":{"start":{"line":186,"column":4},"end":{"line":186,"column":48}},"71":{"start":{"line":187,"column":4},"end":{"line":187,"column":72}},"72":{"start":{"line":192,"column":0},"end":{"line":230,"column":3}},"73":{"start":{"line":193,"column":2},"end":{"line":229,"column":3}},"74":{"start":{"line":194,"column":22},"end":{"line":194,"column":30}},"75":{"start":{"line":196,"column":23},"end":{"line":199,"column":5}},"76":{"start":{"line":201,"column":4},"end":{"line":203,"column":5}},"77":{"start":{"line":202,"column":6},"end":{"line":202,"column":72}},"78":{"start":{"line":205,"column":4},"end":{"line":205,"column":85}},"79":{"start":{"line":207,"column":16},"end":{"line":207,"column":17}},"80":{"start":{"line":208,"column":4},"end":{"line":218,"column":5}},"81":{"start":{"line":209,"column":22},"end":{"line":209,"column":100}},"82":{"start":{"line":210,"column":6},"end":{"line":217,"column":7}},"83":{"start":{"line":211,"column":22},"end":{"line":211,"column":43}},"84":{"start":{"line":212,"column":8},"end":{"line":212,"column":39}},"85":{"start":{"line":213,"column":8},"end":{"line":216,"column":10}},"86":{"start":{"line":220,"column":4},"end":{"line":220,"column":111}},"87":{"start":{"line":222,"column":4},"end":{"line":222,"column":115}},"88":{"start":{"line":224,"column":25},"end":{"line":224,"column":59}},"89":{"start":{"line":225,"column":4},"end":{"line":225,"column":89}},"90":{"start":{"line":227,"column":4},"end":{"line":227,"column":48}},"91":{"start":{"line":228,"column":4},"end":{"line":228,"column":54}},"92":{"start":{"line":233,"column":0},"end":{"line":255,"column":3}},"93":{"start":{"line":234,"column":2},"end":{"line":254,"column":3}},"94":{"start":{"line":235,"column":22},"end":{"line":238,"column":5}},"95":{"start":{"line":240,"column":24},"end":{"line":240,"column":64}},"96":{"start":{"line":241,"column":22},"end":{"line":241,"column":58}},"97":{"start":{"line":243,"column":4},"end":{"line":247,"column":6}},"98":{"start":{"line":249,"column":4},"end":{"line":249,"column":118}},"99":{"start":{"line":251,"column":4},"end":{"line":251,"column":51}},"100":{"start":{"line":253,"column":4},"end":{"line":253,"column":54}},"101":{"start":{"line":258,"column":0},"end":{"line":286,"column":3}},"102":{"start":{"line":259,"column":2},"end":{"line":285,"column":3}},"103":{"start":{"line":260,"column":28},"end":{"line":260,"column":36}},"104":{"start":{"line":262,"column":23},"end":{"line":265,"column":5}},"105":{"start":{"line":267,"column":4},"end":{"line":269,"column":5}},"106":{"start":{"line":268,"column":6},"end":{"line":268,"column":84}},"107":{"start":{"line":271,"column":27},"end":{"line":275,"column":5}},"108":{"start":{"line":277,"column":4},"end":{"line":277,"column":96}},"109":{"start":{"line":279,"column":4},"end":{"line":279,"column":122}},"110":{"start":{"line":281,"column":4},"end":{"line":281,"column":62}},"111":{"start":{"line":283,"column":4},"end":{"line":283,"column":42}},"112":{"start":{"line":284,"column":4},"end":{"line":284,"column":54}},"113":{"start":{"line":289,"column":0},"end":{"line":323,"column":3}},"114":{"start":{"line":290,"column":2},"end":{"line":322,"column":3}},"115":{"start":{"line":291,"column":23},"end":{"line":291,"column":31}},"116":{"start":{"line":293,"column":23},"end":{"line":296,"column":5}},"117":{"start":{"line":298,"column":4},"end":{"line":300,"column":5}},"118":{"start":{"line":299,"column":6},"end":{"line":299,"column":69}},"119":{"start":{"line":302,"column":26},"end":{"line":302,"column":51}},"120":{"start":{"line":304,"column":4},"end":{"line":306,"column":5}},"121":{"start":{"line":305,"column":6},"end":{"line":305,"column":108}},"122":{"start":{"line":307,"column":4},"end":{"line":309,"column":5}},"123":{"start":{"line":308,"column":6},"end":{"line":308,"column":109}},"124":{"start":{"line":311,"column":4},"end":{"line":314,"column":6}},"125":{"start":{"line":316,"column":4},"end":{"line":316,"column":123}},"126":{"start":{"line":318,"column":4},"end":{"line":318,"column":32}},"127":{"start":{"line":320,"column":4},"end":{"line":320,"column":50}},"128":{"start":{"line":321,"column":4},"end":{"line":321,"column":54}},"129":{"start":{"line":325,"column":0},"end":{"line":325,"column":24}}},"fnMap":{"0":{"name":"(anonymous_0)","decl":{"start":{"line":11,"column":30},"end":{"line":11,"column":31}},"loc":{"start":{"line":11,"column":50},"end":{"line":70,"column":1}},"line":11},"1":{"name":"(anonymous_1)","decl":{"start":{"line":73,"column":32},"end":{"line":73,"column":33}},"loc":{"start":{"line":73,"column":52},"end":{"line":91,"column":1}},"line":73},"2":{"name":"(anonymous_2)","decl":{"start":{"line":94,"column":53},"end":{"line":94,"column":54}},"loc":{"start":{"line":94,"column":73},"end":{"line":132,"column":1}},"line":94},"3":{"name":"(anonymous_3)","decl":{"start":{"line":135,"column":56},"end":{"line":135,"column":57}},"loc":{"start":{"line":135,"column":76},"end":{"line":189,"column":1}},"line":135},"4":{"name":"(anonymous_4)","decl":{"start":{"line":192,"column":78},"end":{"line":192,"column":79}},"loc":{"start":{"line":192,"column":98},"end":{"line":230,"column":1}},"line":192},"5":{"name":"(anonymous_5)","decl":{"start":{"line":233,"column":72},"end":{"line":233,"column":73}},"loc":{"start":{"line":233,"column":92},"end":{"line":255,"column":1}},"line":233},"6":{"name":"(anonymous_6)","decl":{"start":{"line":258,"column":104},"end":{"line":258,"column":105}},"loc":{"start":{"line":258,"column":124},"end":{"line":286,"column":1}},"line":258},"7":{"name":"(anonymous_7)","decl":{"start":{"line":289,"column":111},"end":{"line":289,"column":112}},"loc":{"start":{"line":289,"column":131},"end":{"line":323,"column":1}},"line":289}},"branchMap":{"0":{"loc":{"start":{"line":13,"column":17},"end":{"line":13,"column":46}},"type":"binary-expr","locations":[{"start":{"line":13,"column":17},"end":{"line":13,"column":41}},{"start":{"line":13,"column":45},"end":{"line":13,"column":46}}],"line":13},"1":{"loc":{"start":{"line":14,"column":27},"end":{"line":14,"column":58}},"type":"binary-expr","locations":[{"start":{"line":14,"column":27},"end":{"line":14,"column":52}},{"start":{"line":14,"column":56},"end":{"line":14,"column":58}}],"line":14},"2":{"loc":{"start":{"line":22,"column":4},"end":{"line":25,"column":5}},"type":"if","locations":[{"start":{"line":22,"column":4},"end":{"line":25,"column":5}},{"start":{},"end":{}}],"line":22},"3":{"loc":{"start":{"line":22,"column":8},"end":{"line":22,"column":34}},"type":"binary-expr","locations":[{"start":{"line":22,"column":8},"end":{"line":22,"column":14}},{"start":{"line":22,"column":18},"end":{"line":22,"column":34}}],"line":22},"4":{"loc":{"start":{"line":143,"column":6},"end":{"line":145,"column":7}},"type":"if","locations":[{"start":{"line":143,"column":6},"end":{"line":145,"column":7}},{"start":{},"end":{}}],"line":143},"5":{"loc":{"start":{"line":148,"column":4},"end":{"line":150,"column":5}},"type":"if","locations":[{"start":{"line":148,"column":4},"end":{"line":150,"column":5}},{"start":{},"end":{}}],"line":148},"6":{"loc":{"start":{"line":173,"column":6},"end":{"line":178,"column":7}},"type":"if","locations":[{"start":{"line":173,"column":6},"end":{"line":178,"column":7}},{"start":{},"end":{}}],"line":173},"7":{"loc":{"start":{"line":201,"column":4},"end":{"line":203,"column":5}},"type":"if","locations":[{"start":{"line":201,"column":4},"end":{"line":203,"column":5}},{"start":{},"end":{}}],"line":201},"8":{"loc":{"start":{"line":210,"column":6},"end":{"line":217,"column":7}},"type":"if","locations":[{"start":{"line":210,"column":6},"end":{"line":217,"column":7}},{"start":{},"end":{}}],"line":210},"9":{"loc":{"start":{"line":240,"column":24},"end":{"line":240,"column":64}},"type":"binary-expr","locations":[{"start":{"line":240,"column":24},"end":{"line":240,"column":55}},{"start":{"line":240,"column":59},"end":{"line":240,"column":64}}],"line":240},"10":{"loc":{"start":{"line":241,"column":22},"end":{"line":241,"column":58}},"type":"cond-expr","locations":[{"start":{"line":241,"column":36},"end":{"line":241,"column":47}},{"start":{"line":241,"column":50},"end":{"line":241,"column":58}}],"line":241},"11":{"loc":{"start":{"line":267,"column":4},"end":{"line":269,"column":5}},"type":"if","locations":[{"start":{"line":267,"column":4},"end":{"line":269,"column":5}},{"start":{},"end":{}}],"line":267},"12":{"loc":{"start":{"line":298,"column":4},"end":{"line":300,"column":5}},"type":"if","locations":[{"start":{"line":298,"column":4},"end":{"line":300,"column":5}},{"start":{},"end":{}}],"line":298},"13":{"loc":{"start":{"line":304,"column":4},"end":{"line":306,"column":5}},"type":"if","locations":[{"start":{"line":304,"column":4},"end":{"line":306,"column":5}},{"start":{},"end":{}}],"line":304},"14":{"loc":{"start":{"line":304,"column":8},"end":{"line":304,"column":63}},"type":"binary-expr","locations":[{"start":{"line":304,"column":8},"end":{"line":304,"column":30}},{"start":{"line":304,"column":34},"end":{"line":304,"column":63}}],"line":304},"15":{"loc":{"start":{"line":307,"column":4},"end":{"line":309,"column":5}},"type":"if","locations":[{"start":{"line":307,"column":4},"end":{"line":309,"column":5}},{"start":{},"end":{}}],"line":307},"16":{"loc":{"start":{"line":307,"column":8},"end":{"line":307,"column":59}},"type":"binary-expr","locations":[{"start":{"line":307,"column":8},"end":{"line":307,"column":26}},{"start":{"line":307,"column":30},"end":{"line":307,"column":59}}],"line":307}},"s":{"0":2,"1":2,"2":2,"3":2,"4":2,"5":2,"6":2,"7":2,"8":1,"9":1,"10":1,"11":1,"12":1,"13":1,"14":1,"15":1,"16":0,"17":0,"18":1,"19":1,"20":1,"21":1,"22":1,"23":2,"24":2,"25":1,"26":0,"27":0,"28":2,"29":0,"30":0,"31":0,"32":0,"33":0,"34":0,"35":0,"36":0,"37":0,"38":2,"39":0,"40":0,"41":0,"42":0,"43":0,"44":0,"45":0,"46":0,"47":0,"48":2,"49":1,"50":1,"51":1,"52":1,"53":1,"54":1,"55":1,"56":1,"57":1,"58":0,"59":1,"60":1,"61":1,"62":1,"63":1,"64":1,"65":1,"66":1,"67":1,"68":1,"69":1,"70":0,"71":0,"72":2,"73":0,"74":0,"75":0,"76":0,"77":0,"78":0,"79":0,"80":0,"81":0,"82":0,"83":0,"84":0,"85":0,"86":0,"87":0,"88":0,"89":0,"90":0,"91":0,"92":2,"93":0,"94":0,"95":0,"96":0,"97":0,"98":0,"99":0,"100":0,"101":2,"102":0,"103":0,"104":0,"105":0,"106":0,"107":0,"108":0,"109":0,"110":0,"111":0,"112":0,"113":2,"114":0,"115":0,"116":0,"117":0,"118":0,"119":0,"120":0,"121":0,"122":0,"123":0,"124":0,"125":0,"126":0,"127":0,"128":0,"129":2},"f":{"0":1,"1":0,"2":0,"3":1,"4":0,"5":0,"6":0,"7":0},"b":{"0":[1,1],"1":[1,1],"2":[0,1],"3":[1,0],"4":[1,0],"5":[0,1],"6":[1,0],"7":[0,0],"8":[0,0],"9":[0,0],"10":[0,0],"11":[0,0],"12":[0,0],"13":[0,0],"14":[0,0],"15":[0,0],"16":[0,0]},"_coverageSchema":"1a1c01bbd47fc00a2c39e90264f33305004495a9","hash":"2cc9821558cb5b6152d807c4248b83ab5b358cf6"}
,"/media/hkm/3E482EF0482EA69D/app sauvegarde/app livraison/api-v2/routes/organization.routes.js": {"path":"/media/hkm/3E482EF0482EA69D/app sauvegarde/app livraison/api-v2/routes/organization.routes.js","statementMap":{"0":{"start":{"line":1,"column":16},"end":{"line":1,"column":34}},"1":{"start":{"line":2,"column":15},"end":{"line":2,"column":31}},"2":{"start":{"line":4,"column":13},"end":{"line":4,"column":42}},"3":{"start":{"line":5,"column":39},"end":{"line":5,"column":68}},"4":{"start":{"line":6,"column":21},"end":{"line":6,"column":54}},"5":{"start":{"line":7,"column":21},"end":{"line":7,"column":57}},"6":{"start":{"line":8,"column":25},"end":{"line":8,"column":61}},"7":{"start":{"line":11,"column":0},"end":{"line":36,"column":3}},"8":{"start":{"line":12,"column":2},"end":{"line":35,"column":3}},"9":{"start":{"line":13,"column":19},"end":{"line":16,"column":5}},"10":{"start":{"line":18,"column":4},"end":{"line":20,"column":5}},"11":{"start":{"line":19,"column":6},"end":{"line":19,"column":73}},"12":{"start":{"line":22,"column":16},"end":{"line":22,"column":30}},"13":{"start":{"line":23,"column":4},"end":{"line":31,"column":7}},"14":{"start":{"line":33,"column":4},"end":{"line":33,"column":52}},"15":{"start":{"line":34,"column":4},"end":{"line":34,"column":54}},"16":{"start":{"line":39,"column":0},"end":{"line":55,"column":3}},"17":{"start":{"line":40,"column":2},"end":{"line":54,"column":3}},"18":{"start":{"line":41,"column":28},"end":{"line":41,"column":36}},"19":{"start":{"line":43,"column":4},"end":{"line":46,"column":6}},"20":{"start":{"line":48,"column":4},"end":{"line":48,"column":104}},"21":{"start":{"line":50,"column":4},"end":{"line":50,"column":32}},"22":{"start":{"line":52,"column":4},"end":{"line":52,"column":55}},"23":{"start":{"line":53,"column":4},"end":{"line":53,"column":54}},"24":{"start":{"line":58,"column":0},"end":{"line":84,"column":3}},"25":{"start":{"line":59,"column":2},"end":{"line":83,"column":3}},"26":{"start":{"line":60,"column":18},"end":{"line":60,"column":56}},"27":{"start":{"line":61,"column":19},"end":{"line":69,"column":5}},"28":{"start":{"line":71,"column":17},"end":{"line":71,"column":31}},"29":{"start":{"line":72,"column":4},"end":{"line":79,"column":7}},"30":{"start":{"line":81,"column":4},"end":{"line":81,"column":51}},"31":{"start":{"line":82,"column":4},"end":{"line":82,"column":54}},"32":{"start":{"line":87,"column":0},"end":{"line":118,"column":3}},"33":{"start":{"line":88,"column":2},"end":{"line":117,"column":3}},"34":{"start":{"line":89,"column":19},"end":{"line":101,"column":5}},"35":{"start":{"line":104,"column":17},"end":{"line":111,"column":7}},"36":{"start":{"line":104,"column":41},"end":{"line":111,"column":5}},"37":{"start":{"line":113,"column":4},"end":{"line":113,"column":38}},"38":{"start":{"line":115,"column":4},"end":{"line":115,"column":41}},"39":{"start":{"line":116,"column":4},"end":{"line":116,"column":54}},"40":{"start":{"line":121,"column":0},"end":{"line":130,"column":3}},"41":{"start":{"line":122,"column":2},"end":{"line":129,"column":3}},"42":{"start":{"line":123,"column":46},"end":{"line":123,"column":55}},"43":{"start":{"line":124,"column":17},"end":{"line":124,"column":96}},"44":{"start":{"line":125,"column":4},"end":{"line":125,"column":44}},"45":{"start":{"line":127,"column":4},"end":{"line":127,"column":46}},"46":{"start":{"line":128,"column":4},"end":{"line":128,"column":54}},"47":{"start":{"line":132,"column":0},"end":{"line":132,"column":24}}},"fnMap":{"0":{"name":"(anonymous_0)","decl":{"start":{"line":11,"column":38},"end":{"line":11,"column":39}},"loc":{"start":{"line":11,"column":58},"end":{"line":36,"column":1}},"line":11},"1":{"name":"(anonymous_1)","decl":{"start":{"line":39,"column":83},"end":{"line":39,"column":84}},"loc":{"start":{"line":39,"column":103},"end":{"line":55,"column":1}},"line":39},"2":{"name":"(anonymous_2)","decl":{"start":{"line":58,"column":35},"end":{"line":58,"column":36}},"loc":{"start":{"line":58,"column":55},"end":{"line":84,"column":1}},"line":58},"3":{"name":"(anonymous_3)","decl":{"start":{"line":87,"column":35},"end":{"line":87,"column":36}},"loc":{"start":{"line":87,"column":55},"end":{"line":118,"column":1}},"line":87},"4":{"name":"(anonymous_4)","decl":{"start":{"line":104,"column":33},"end":{"line":104,"column":34}},"loc":{"start":{"line":104,"column":41},"end":{"line":111,"column":5}},"line":104},"5":{"name":"(anonymous_5)","decl":{"start":{"line":121,"column":44},"end":{"line":121,"column":45}},"loc":{"start":{"line":121,"column":64},"end":{"line":130,"column":1}},"line":121}},"branchMap":{"0":{"loc":{"start":{"line":18,"column":4},"end":{"line":20,"column":5}},"type":"if","locations":[{"start":{"line":18,"column":4},"end":{"line":20,"column":5}},{"start":{},"end":{}}],"line":18},"1":{"loc":{"start":{"line":29,"column":21},"end":{"line":29,"column":46}},"type":"binary-expr","locations":[{"start":{"line":29,"column":21},"end":{"line":29,"column":37}},{"start":{"line":29,"column":41},"end":{"line":29,"column":46}}],"line":29},"2":{"loc":{"start":{"line":45,"column":7},"end":{"line":45,"column":27}},"type":"binary-expr","locations":[{"start":{"line":45,"column":7},"end":{"line":45,"column":18}},{"start":{"line":45,"column":22},"end":{"line":45,"column":27}}],"line":45},"3":{"loc":{"start":{"line":75,"column":22},"end":{"line":75,"column":56}},"type":"binary-expr","locations":[{"start":{"line":75,"column":22},"end":{"line":75,"column":51}},{"start":{"line":75,"column":55},"end":{"line":75,"column":56}}],"line":75},"4":{"loc":{"start":{"line":76,"column":25},"end":{"line":76,"column":62}},"type":"binary-expr","locations":[{"start":{"line":76,"column":25},"end":{"line":76,"column":57}},{"start":{"line":76,"column":61},"end":{"line":76,"column":62}}],"line":76},"5":{"loc":{"start":{"line":77,"column":21},"end":{"line":77,"column":52}},"type":"binary-expr","locations":[{"start":{"line":77,"column":21},"end":{"line":77,"column":47}},{"start":{"line":77,"column":51},"end":{"line":77,"column":52}}],"line":77},"6":{"loc":{"start":{"line":106,"column":12},"end":{"line":106,"column":26}},"type":"binary-expr","locations":[{"start":{"line":106,"column":12},"end":{"line":106,"column":20}},{"start":{"line":106,"column":24},"end":{"line":106,"column":26}}],"line":106},"7":{"loc":{"start":{"line":107,"column":13},"end":{"line":107,"column":28}},"type":"binary-expr","locations":[{"start":{"line":107,"column":13},"end":{"line":107,"column":22}},{"start":{"line":107,"column":26},"end":{"line":107,"column":28}}],"line":107},"8":{"loc":{"start":{"line":108,"column":12},"end":{"line":108,"column":37}},"type":"binary-expr","locations":[{"start":{"line":108,"column":12},"end":{"line":108,"column":32}},{"start":{"line":108,"column":36},"end":{"line":108,"column":37}}],"line":108},"9":{"loc":{"start":{"line":109,"column":19},"end":{"line":109,"column":49}},"type":"binary-expr","locations":[{"start":{"line":109,"column":19},"end":{"line":109,"column":44}},{"start":{"line":109,"column":48},"end":{"line":109,"column":49}}],"line":109}},"s":{"0":2,"1":2,"2":2,"3":2,"4":2,"5":2,"6":2,"7":2,"8":0,"9":0,"10":0,"11":0,"12":0,"13":0,"14":0,"15":0,"16":2,"17":0,"18":0,"19":0,"20":0,"21":0,"22":0,"23":0,"24":2,"25":0,"26":0,"27":0,"28":0,"29":0,"30":0,"31":0,"32":2,"33":0,"34":0,"35":0,"36":0,"37":0,"38":0,"39":0,"40":2,"41":0,"42":0,"43":0,"44":0,"45":0,"46":0,"47":2},"f":{"0":0,"1":0,"2":0,"3":0,"4":0,"5":0},"b":{"0":[0,0],"1":[0,0],"2":[0,0],"3":[0,0],"4":[0,0],"5":[0,0],"6":[0,0],"7":[0,0],"8":[0,0],"9":[0,0]},"_coverageSchema":"1a1c01bbd47fc00a2c39e90264f33305004495a9","hash":"cb569a1daf5050f267a960c43408c3c1e125a27d"}
[...]
,"/media/hkm/3E482EF0482EA69D/app sauvegarde/app livraison/api-v2/services/order.service.js": {"path":"/media/hkm/3E482EF0482EA69D/app sauvegarde/app livraison/api-v2/services/order.service.js","statementMap":{"0":{"start":{"line":1,"column":13},"end":{"line":1,"column":42}},"1":{"start":{"line":4,"column":23},"end":{"line":8,"column":1}},"2":{"start":{"line":5,"column":2},"end":{"line":5,"column":54}},"3":{"start":{"line":5,"column":45},"end":{"line":5,"column":54}},"4":{"start":{"line":6,"column":17},"end":{"line":6,"column":34}},"5":{"start":{"line":7,"column":2},"end":{"line":7,"column":36}},"6":{"start":{"line":14,"column":17},"end":{"line":20,"column":3}},"7":{"start":{"line":21,"column":2},"end":{"line":28,"column":6}},"8":{"start":{"line":21,"column":34},"end":{"line":28,"column":3}},"9":{"start":{"line":35,"column":22},"end":{"line":41,"column":3}},"10":{"start":{"line":43,"column":2},"end":{"line":43,"column":49}},"11":{"start":{"line":43,"column":37},"end":{"line":43,"column":49}},"12":{"start":{"line":45,"column":16},"end":{"line":45,"column":35}},"13":{"start":{"line":46,"column":16},"end":{"line":46,"column":44}},"14":{"start":{"line":48,"column":2},"end":{"line":68,"column":4}},"15":{"start":{"line":75,"column":2},"end":{"line":88,"column":4}},"16":{"start":{"line":91,"column":0},"end":{"line":95,"column":2}}},"fnMap":{"0":{"name":"(anonymous_0)","decl":{"start":{"line":4,"column":23},"end":{"line":4,"column":24}},"loc":{"start":{"line":4,"column":34},"end":{"line":8,"column":1}},"line":4},"1":{"name":"getOrderItems","decl":{"start":{"line":13,"column":15},"end":{"line":13,"column":28}},"loc":{"start":{"line":13,"column":38},"end":{"line":29,"column":1}},"line":13},"2":{"name":"(anonymous_2)","decl":{"start":{"line":21,"column":25},"end":{"line":21,"column":26}},"loc":{"start":{"line":21,"column":34},"end":{"line":28,"column":3}},"line":21},"3":{"name":"getOrderWithItems","decl":{"start":{"line":34,"column":15},"end":{"line":34,"column":32}},"loc":{"start":{"line":34,"column":42},"end":{"line":69,"column":1}},"line":34},"4":{"name":"formatOrder","decl":{"start":{"line":74,"column":9},"end":{"line":74,"column":20}},"loc":{"start":{"line":74,"column":53},"end":{"line":89,"column":1}},"line":74}},"branchMap":{"0":{"loc":{"start":{"line":5,"column":2},"end":{"line":5,"column":54}},"type":"if","locations":[{"start":{"line":5,"column":2},"end":{"line":5,"column":54}},{"start":{},"end":{}}],"line":5},"1":{"loc":{"start":{"line":5,"column":6},"end":{"line":5,"column":43}},"type":"binary-expr","locations":[{"start":{"line":5,"column":6},"end":{"line":5,"column":20}},{"start":{"line":5,"column":24},"end":{"line":5,"column":43}}],"line":5},"2":{"loc":{"start":{"line":7,"column":9},"end":{"line":7,"column":35}},"type":"cond-expr","locations":[{"start":{"line":7,"column":25},"end":{"line":7,"column":26}},{"start":{"line":7,"column":29},"end":{"line":7,"column":35}}],"line":7},"3":{"loc":{"start":{"line":25,"column":17},"end":{"line":25,"column":40}},"type":"binary-expr","locations":[{"start":{"line":25,"column":17},"end":{"line":25,"column":34}},{"start":{"line":25,"column":38},"end":{"line":25,"column":40}}],"line":25},"4":{"loc":{"start":{"line":27,"column":14},"end":{"line":27,"column":32}},"type":"binary-expr","locations":[{"start":{"line":27,"column":14},"end":{"line":27,"column":27}},{"start":{"line":27,"column":31},"end":{"line":27,"column":32}}],"line":27},"5":{"loc":{"start":{"line":43,"column":2},"end":{"line":43,"column":49}},"type":"if","locations":[{"start":{"line":43,"column":2},"end":{"line":43,"column":49}},{"start":{},"end":{}}],"line":43},"6":{"loc":{"start":{"line":50,"column":17},"end":{"line":50,"column":43}},"type":"binary-expr","locations":[{"start":{"line":50,"column":17},"end":{"line":50,"column":35}},{"start":{"line":50,"column":39},"end":{"line":50,"column":43}}],"line":50},"7":{"loc":{"start":{"line":53,"column":10},"end":{"line":53,"column":26}},"type":"binary-expr","locations":[{"start":{"line":53,"column":10},"end":{"line":53,"column":20}},{"start":{"line":53,"column":24},"end":{"line":53,"column":26}}],"line":53},"8":{"loc":{"start":{"line":55,"column":12},"end":{"line":55,"column":37}},"type":"binary-expr","locations":[{"start":{"line":55,"column":12},"end":{"line":55,"column":24}},{"start":{"line":55,"column":28},"end":{"line":55,"column":37}}],"line":55},"9":{"loc":{"start":{"line":56,"column":19},"end":{"line":56,"column":51}},"type":"binary-expr","locations":[{"start":{"line":56,"column":19},"end":{"line":56,"column":39}},{"start":{"line":56,"column":43},"end":{"line":56,"column":51}}],"line":56},"10":{"loc":{"start":{"line":62,"column":12},"end":{"line":62,"column":38}},"type":"binary-expr","locations":[{"start":{"line":62,"column":12},"end":{"line":62,"column":32}},{"start":{"line":62,"column":36},"end":{"line":62,"column":38}}],"line":62},"11":{"loc":{"start":{"line":63,"column":13},"end":{"line":63,"column":42}},"type":"binary-expr","locations":[{"start":{"line":63,"column":13},"end":{"line":63,"column":34}},{"start":{"line":63,"column":38},"end":{"line":63,"column":42}}],"line":63},"12":{"loc":{"start":{"line":64,"column":15},"end":{"line":64,"column":46}},"type":"binary-expr","locations":[{"start":{"line":64,"column":15},"end":{"line":64,"column":38}},{"start":{"line":64,"column":42},"end":{"line":64,"column":46}}],"line":64},"13":{"loc":{"start":{"line":65,"column":16},"end":{"line":65,"column":76}},"type":"cond-expr","locations":[{"start":{"line":65,"column":38},"end":{"line":65,"column":69}},{"start":{"line":65,"column":72},"end":{"line":65,"column":76}}],"line":65},"14":{"loc":{"start":{"line":66,"column":17},"end":{"line":66,"column":77}},"type":"cond-expr","locations":[{"start":{"line":66,"column":39},"end":{"line":66,"column":70}},{"start":{"line":66,"column":73},"end":{"line":66,"column":77}}],"line":66},"15":{"loc":{"start":{"line":74,"column":35},"end":{"line":74,"column":51}},"type":"default-arg","locations":[{"start":{"line":74,"column":47},"end":{"line":74,"column":51}}],"line":74},"16":{"loc":{"start":{"line":77,"column":17},"end":{"line":77,"column":43}},"type":"binary-expr","locations":[{"start":{"line":77,"column":17},"end":{"line":77,"column":35}},{"start":{"line":77,"column":39},"end":{"line":77,"column":43}}],"line":77},"17":{"loc":{"start":{"line":80,"column":10},"end":{"line":80,"column":26}},"type":"binary-expr","locations":[{"start":{"line":80,"column":10},"end":{"line":80,"column":20}},{"start":{"line":80,"column":24},"end":{"line":80,"column":26}}],"line":80},"18":{"loc":{"start":{"line":82,"column":12},"end":{"line":82,"column":37}},"type":"binary-expr","locations":[{"start":{"line":82,"column":12},"end":{"line":82,"column":24}},{"start":{"line":82,"column":28},"end":{"line":82,"column":37}}],"line":82},"19":{"loc":{"start":{"line":83,"column":19},"end":{"line":83,"column":51}},"type":"binary-expr","locations":[{"start":{"line":83,"column":19},"end":{"line":83,"column":39}},{"start":{"line":83,"column":43},"end":{"line":83,"column":51}}],"line":83},"20":{"loc":{"start":{"line":87,"column":15},"end":{"line":87,"column":88}},"type":"binary-expr","locations":[{"start":{"line":87,"column":15},"end":{"line":87,"column":24}},{"start":{"line":87,"column":28},"end":{"line":87,"column":88}}],"line":87},"21":{"loc":{"start":{"line":87,"column":60},"end":{"line":87,"column":86}},"type":"binary-expr","locations":[{"start":{"line":87,"column":60},"end":{"line":87,"column":80}},{"start":{"line":87,"column":84},"end":{"line":87,"column":86}}],"line":87}},"s":{"0":2,"1":2,"2":5,"3":2,"4":3,"5":3,"6":3,"7":3,"8":1,"9":0,"10":0,"11":0,"12":0,"13":0,"14":0,"15":2,"16":2},"f":{"0":5,"1":3,"2":1,"3":0,"4":2},"b":{"0":[2,3],"1":[5,5],"2":[0,3],"3":[1,1],"4":[1,0],"5":[0,0],"6":[0,0],"7":[0,0],"8":[0,0],"9":[0,0],"10":[0,0],"11":[0,0],"12":[0,0],"13":[0,0],"14":[0,0],"15":[0],"16":[2,2],"17":[2,2],"18":[2,2],"19":[2,2],"20":[2,0],"21":[0,0]},"_coverageSchema":"1a1c01bbd47fc00a2c39e90264f33305004495a9","hash":"648c91fc6829697fe65467573be9a745bd15aba5"}
,"/media/hkm/3E482EF0482EA69D/app sauvegarde/app livraison/api-v2/services/token.service.js": {"path":"/media/hkm/3E482EF0482EA69D/app sauvegarde/app livraison/api-v2/services/token.service.js","statementMap":{"0":{"start":{"line":1,"column":15},"end":{"line":1,"column":32}},"1":{"start":{"line":2,"column":13},"end":{"line":2,"column":42}},"2":{"start":{"line":3,"column":35},"end":{"line":3,"column":59}},"3":{"start":{"line":9,"column":2},"end":{"line":9,"column":48}},"4":{"start":{"line":16,"column":20},"end":{"line":16,"column":30}},"5":{"start":{"line":17,"column":2},"end":{"line":17,"column":57}},"6":{"start":{"line":19,"column":2},"end":{"line":22,"column":4}},"7":{"start":{"line":23,"column":2},"end":{"line":23,"column":19}},"8":{"start":{"line":30,"column":17},"end":{"line":36,"column":3}},"9":{"start":{"line":37,"column":2},"end":{"line":37,"column":32}},"10":{"start":{"line":44,"column":2},"end":{"line":47,"column":4}},"11":{"start":{"line":54,"column":2},"end":{"line":57,"column":4}},"12":{"start":{"line":64,"column":2},"end":{"line":68,"column":23}},"13":{"start":{"line":75,"column":17},"end":{"line":77,"column":3}},"14":{"start":{"line":78,"column":2},"end":{"line":78,"column":25}},"15":{"start":{"line":81,"column":0},"end":{"line":89,"column":2}}},"fnMap":{"0":{"name":"generateRefreshToken","decl":{"start":{"line":8,"column":9},"end":{"line":8,"column":29}},"loc":{"start":{"line":8,"column":32},"end":{"line":10,"column":1}},"line":8},"1":{"name":"saveRefreshToken","decl":{"start":{"line":15,"column":15},"end":{"line":15,"column":31}},"loc":{"start":{"line":15,"column":87},"end":{"line":24,"column":1}},"line":15},"2":{"name":"validateRefreshToken","decl":{"start":{"line":29,"column":15},"end":{"line":29,"column":35}},"loc":{"start":{"line":29,"column":43},"end":{"line":38,"column":1}},"line":29},"3":{"name":"revokeRefreshToken","decl":{"start":{"line":43,"column":15},"end":{"line":43,"column":33}},"loc":{"start":{"line":43,"column":41},"end":{"line":48,"column":1}},"line":43},"4":{"name":"revokeAllUserTokens","decl":{"start":{"line":53,"column":15},"end":{"line":53,"column":34}},"loc":{"start":{"line":53,"column":43},"end":{"line":58,"column":1}},"line":53},"5":{"name":"revokeAllOrgTokens","decl":{"start":{"line":63,"column":15},"end":{"line":63,"column":33}},"loc":{"start":{"line":63,"column":50},"end":{"line":69,"column":1}},"line":63},"6":{"name":"cleanupExpiredTokens","decl":{"start":{"line":74,"column":15},"end":{"line":74,"column":35}},"loc":{"start":{"line":74,"column":38},"end":{"line":79,"column":1}},"line":74}},"branchMap":{"0":{"loc":{"start":{"line":15,"column":47},"end":{"line":15,"column":85}},"type":"default-arg","locations":[{"start":{"line":15,"column":63},"end":{"line":15,"column":85}}],"line":15},"1":{"loc":{"start":{"line":37,"column":9},"end":{"line":37,"column":31}},"type":"binary-expr","locations":[{"start":{"line":37,"column":9},"end":{"line":37,"column":23}},{"start":{"line":37,"column":27},"end":{"line":37,"column":31}}],"line":37}},"s":{"0":2,"1":2,"2":2,"3":1,"4":1,"5":1,"6":1,"7":1,"8":0,"9":0,"10":0,"11":0,"12":0,"13":0,"14":0,"15":2},"f":{"0":1,"1":1,"2":0,"3":0,"4":0,"5":0,"6":0},"b":{"0":[1],"1":[0,0]},"_coverageSchema":"1a1c01bbd47fc00a2c39e90264f33305004495a9","hash":"583ee4d8a435f9d3104c5a19704326e0a826b8b6"}
,"/media/hkm/3E482EF0482EA69D/app sauvegarde/app livraison/api-v2/services/twofa.service.js": {"path":"/media/hkm/3E482EF0482EA69D/app sauvegarde/app livraison/api-v2/services/twofa.service.js","statementMap":{"0":{"start":{"line":6,"column":15},"end":{"line":6,"column":32}},"1":{"start":{"line":10,"column":0},"end":{"line":16,"column":1}},"2":{"start":{"line":11,"column":36},"end":{"line":11,"column":53}},"3":{"start":{"line":12,"column":4},"end":{"line":12,"column":25}},"4":{"start":{"line":14,"column":4},"end":{"line":14,"column":71}},"5":{"start":{"line":15,"column":4},"end":{"line":15,"column":25}},"6":{"start":{"line":19,"column":20},"end":{"line":24,"column":1}},"7":{"start":{"line":27,"column":27},"end":{"line":27,"column":28}},"8":{"start":{"line":33,"column":23},"end":{"line":52,"column":1}},"9":{"start":{"line":34,"column":4},"end":{"line":36,"column":5}},"10":{"start":{"line":35,"column":8},"end":{"line":35,"column":68}},"11":{"start":{"line":38,"column":19},"end":{"line":38,"column":49}},"12":{"start":{"line":41,"column":23},"end":{"line":45,"column":5}},"13":{"start":{"line":47,"column":4},"end":{"line":51,"column":6}},"14":{"start":{"line":60,"column":20},"end":{"line":81,"column":1}},"15":{"start":{"line":61,"column":4},"end":{"line":63,"column":5}},"16":{"start":{"line":62,"column":8},"end":{"line":62,"column":68}},"17":{"start":{"line":65,"column":4},"end":{"line":67,"column":5}},"18":{"start":{"line":66,"column":8},"end":{"line":66,"column":21}},"19":{"start":{"line":70,"column":23},"end":{"line":70,"column":47}},"20":{"start":{"line":72,"column":4},"end":{"line":80,"column":5}},"21":{"start":{"line":73,"column":8},"end":{"line":76,"column":11}},"22":{"start":{"line":78,"column":8},"end":{"line":78,"column":65}},"23":{"start":{"line":79,"column":8},"end":{"line":79,"column":21}},"24":{"start":{"line":87,"column":28},"end":{"line":98,"column":1}},"25":{"start":{"line":88,"column":18},"end":{"line":88,"column":20}},"26":{"start":{"line":90,"column":4},"end":{"line":95,"column":5}},"27":{"start":{"line":90,"column":17},"end":{"line":90,"column":18}},"28":{"start":{"line":92,"column":22},"end":{"line":92,"column":73}},"29":{"start":{"line":93,"column":22},"end":{"line":93,"column":73}},"30":{"start":{"line":94,"column":8},"end":{"line":94,"column":40}},"31":{"start":{"line":97,"column":4},"end":{"line":97,"column":17}},"32":{"start":{"line":105,"column":24},"end":{"line":109,"column":1}},"33":{"start":{"line":106,"column":4},"end":{"line":108,"column":7}},"34":{"start":{"line":107,"column":8},"end":{"line":107,"column":70}},"35":{"start":{"line":117,"column":25},"end":{"line":132,"column":1}},"36":{"start":{"line":118,"column":4},"end":{"line":120,"column":5}},"37":{"start":{"line":119,"column":8},"end":{"line":119,"column":43}},"38":{"start":{"line":123,"column":22},"end":{"line":123,"column":64}},"39":{"start":{"line":124,"column":24},"end":{"line":124,"column":83}},"40":{"start":{"line":126,"column":18},"end":{"line":126,"column":73}},"41":{"start":{"line":126,"column":50},"end":{"line":126,"column":72}},"42":{"start":{"line":128,"column":4},"end":{"line":131,"column":6}},"43":{"start":{"line":138,"column":20},"end":{"line":140,"column":1}},"44":{"start":{"line":139,"column":4},"end":{"line":139,"column":34}},"45":{"start":{"line":142,"column":0},"end":{"line":150,"column":2}}},"fnMap":{"0":{"name":"(anonymous_0)","decl":{"start":{"line":33,"column":23},"end":{"line":33,"column":24}},"loc":{"start":{"line":33,"column":56},"end":{"line":52,"column":1}},"line":33},"1":{"name":"(anonymous_1)","decl":{"start":{"line":60,"column":20},"end":{"line":60,"column":21}},"loc":{"start":{"line":60,"column":39},"end":{"line":81,"column":1}},"line":60},"2":{"name":"(anonymous_2)","decl":{"start":{"line":87,"column":28},"end":{"line":87,"column":29}},"loc":{"start":{"line":87,"column":34},"end":{"line":98,"column":1}},"line":87},"3":{"name":"(anonymous_3)","decl":{"start":{"line":105,"column":24},"end":{"line":105,"column":25}},"loc":{"start":{"line":105,"column":35},"end":{"line":109,"column":1}},"line":105},"4":{"name":"(anonymous_4)","decl":{"start":{"line":106,"column":21},"end":{"line":106,"column":22}},"loc":{"start":{"line":106,"column":29},"end":{"line":108,"column":5}},"line":106},"5":{"name":"(anonymous_5)","decl":{"start":{"line":117,"column":25},"end":{"line":117,"column":26}},"loc":{"start":{"line":117,"column":53},"end":{"line":132,"column":1}},"line":117},"6":{"name":"(anonymous_6)","decl":{"start":{"line":126,"column":40},"end":{"line":126,"column":41}},"loc":{"start":{"line":126,"column":50},"end":{"line":126,"column":72}},"line":126},"7":{"name":"(anonymous_7)","decl":{"start":{"line":138,"column":20},"end":{"line":138,"column":21}},"loc":{"start":{"line":138,"column":26},"end":{"line":140,"column":1}},"line":138}},"branchMap":{"0":{"loc":{"start":{"line":20,"column":12},"end":{"line":20,"column":62}},"type":"binary-expr","locations":[{"start":{"line":20,"column":12},"end":{"line":20,"column":46}},{"start":{"line":20,"column":50},"end":{"line":20,"column":62}}],"line":20},"1":{"loc":{"start":{"line":33,"column":24},"end":{"line":33,"column":51}},"type":"default-arg","locations":[{"start":{"line":33,"column":38},"end":{"line":33,"column":51}}],"line":33},"2":{"loc":{"start":{"line":34,"column":4},"end":{"line":36,"column":5}},"type":"if","locations":[{"start":{"line":34,"column":4},"end":{"line":36,"column":5}},{"start":{},"end":{}}],"line":34},"3":{"loc":{"start":{"line":61,"column":4},"end":{"line":63,"column":5}},"type":"if","locations":[{"start":{"line":61,"column":4},"end":{"line":63,"column":5}},{"start":{},"end":{}}],"line":61},"4":{"loc":{"start":{"line":65,"column":4},"end":{"line":67,"column":5}},"type":"if","locations":[{"start":{"line":65,"column":4},"end":{"line":67,"column":5}},{"start":{},"end":{}}],"line":65},"5":{"loc":{"start":{"line":65,"column":8},"end":{"line":65,"column":25}},"type":"binary-expr","locations":[{"start":{"line":65,"column":8},"end":{"line":65,"column":14}},{"start":{"line":65,"column":18},"end":{"line":65,"column":25}}],"line":65},"6":{"loc":{"start":{"line":118,"column":4},"end":{"line":120,"column":5}},"type":"if","locations":[{"start":{"line":118,"column":4},"end":{"line":120,"column":5}},{"start":{},"end":{}}],"line":118},"7":{"loc":{"start":{"line":118,"column":8},"end":{"line":118,"column":49}},"type":"binary-expr","locations":[{"start":{"line":118,"column":8},"end":{"line":118,"column":18}},{"start":{"line":118,"column":22},"end":{"line":118,"column":49}}],"line":118}},"s":{"0":2,"1":2,"2":2,"3":2,"4":0,"5":0,"6":2,"7":2,"8":2,"9":0,"10":0,"11":0,"12":0,"13":0,"14":2,"15":0,"16":0,"17":0,"18":0,"19":0,"20":0,"21":0,"22":0,"23":0,"24":2,"25":0,"26":0,"27":0,"28":0,"29":0,"30":0,"31":0,"32":2,"33":0,"34":0,"35":2,"36":0,"37":0,"38":0,"39":0,"40":0,"41":0,"42":0,"43":2,"44":0,"45":2},"f":{"0":0,"1":0,"2":0,"3":0,"4":0,"5":0,"6":0,"7":0},"b":{"0":[2,2],"1":[0],"2":[0,0],"3":[0,0],"4":[0,0],"5":[0,0],"6":[0,0],"7":[0,0]},"_coverageSchema":"1a1c01bbd47fc00a2c39e90264f33305004495a9","hash":"24d4012ba76eb551beef8616ec6a6d50b678169d"}
}
