TN:
SF:api-v2/__tests__/mocks/database.mock.js
FN:18,(anonymous_0)
FNF:1
FNH:1
FNDA:18,(anonymous_0)
DA:4,4
DA:5,4
DA:9,4
DA:11,4
DA:18,4
DA:19,18
DA:20,18
DA:21,18
DA:24,4
LF:9
LH:9
BRF:0
BRH:0
end_of_record
TN:
SF:api-v2/__tests__/mocks/sentry.mock.js
FN:3,(anonymous_0)
FN:3,(anonymous_1)
FN:4,(anonymous_2)
FN:4,(anonymous_3)
FN:5,(anonymous_4)
FN:5,(anonymous_5)
FNF:6
FNH:5
FNDA:2,(anonymous_0)
FNDA:4,(anonymous_1)
FNDA:2,(anonymous_2)
FNDA:4,(anonymous_3)
FNDA:2,(anonymous_4)
FNDA:0,(anonymous_5)
DA:1,2
DA:3,4
DA:4,4
DA:5,2
DA:10,2
LF:5
LH:5
BRF:0
BRH:0
end_of_record
TN:
SF:api-v2/middleware/auth.js
FN:7,(anonymous_0)
FN:51,(anonymous_1)
FN:59,(anonymous_2)
FN:67,(anonymous_3)
FN:75,(anonymous_4)
FNF:5
FNH:2
FNDA:9,(anonymous_0)
FNDA:2,(anonymous_1)
FNDA:0,(anonymous_2)
FNDA:0,(anonymous_3)
FNDA:0,(anonymous_4)
DA:1,3
DA:2,3
DA:3,3
DA:4,3
DA:7,3
DA:8,9
DA:9,9
DA:10,9
DA:11,2
DA:14,7
DA:15,7
DA:16,0
DA:19,7
DA:21,5
DA:26,5
DA:27,1
DA:30,4
DA:32,4
DA:33,1
DA:36,3
DA:37,3
DA:39,2
DA:40,1
DA:42,1
DA:43,1
DA:45,0
DA:46,0
DA:51,3
DA:52,2
DA:53,1
DA:55,1
DA:59,3
DA:60,0
DA:61,0
DA:63,0
DA:67,3
DA:68,0
DA:69,0
DA:71,0
DA:75,3
DA:76,0
DA:78,0
DA:79,0
DA:82,0
DA:83,0
DA:85,0
DA:86,0
DA:89,0
DA:92,3
LF:49
LH:32
BRDA:10,0,0,2
BRDA:10,0,1,7
BRDA:10,1,0,9
BRDA:10,1,1,8
BRDA:15,2,0,0
BRDA:15,2,1,7
BRDA:15,3,0,7
BRDA:15,3,1,7
BRDA:26,4,0,1
BRDA:26,4,1,4
BRDA:32,5,0,1
BRDA:32,5,1,3
BRDA:39,6,0,1
BRDA:39,6,1,1
BRDA:42,7,0,1
BRDA:42,7,1,0
BRDA:52,8,0,1
BRDA:52,8,1,1
BRDA:60,9,0,0
BRDA:60,9,1,0
BRDA:68,10,0,0
BRDA:68,10,1,0
BRDA:78,11,0,0
BRDA:78,11,1,0
BRDA:78,12,0,0
BRDA:78,12,1,0
BRDA:85,13,0,0
BRDA:85,13,1,0
BRF:28
BRH:16
end_of_record
TN:
SF:api-v2/middleware/httpsRedirect.js
FN:10,(anonymous_0)
FN:43,(anonymous_1)
FNF:2
FNH:1
FNDA:4,(anonymous_0)
FNDA:0,(anonymous_1)
DA:10,2
DA:12,4
DA:13,4
DA:17,0
DA:20,0
DA:21,0
DA:25,0
DA:26,0
DA:27,0
DA:31,0
DA:32,0
DA:35,0
DA:36,0
DA:43,2
DA:44,0
DA:46,0
DA:51,0
DA:54,2
DA:55,2
LF:19
LH:6
BRDA:12,0,0,4
BRDA:12,0,1,0
BRDA:20,1,0,0
BRDA:20,1,1,0
BRDA:20,2,0,0
BRDA:20,2,1,0
BRDA:26,3,0,0
BRDA:26,3,1,0
BRDA:31,4,0,0
BRDA:31,4,1,0
BRDA:44,5,0,0
BRDA:44,5,1,0
BRF:12
BRH:1
end_of_record
TN:
SF:api-v2/middleware/metrics.middleware.js
FN:46,(anonymous_0)
FN:77,(anonymous_1)
FNF:2
FNH:1
FNDA:4,(anonymous_0)
FNDA:0,(anonymous_1)
DA:6,2
DA:7,2
DA:10,2
DA:13,2
DA:19,2
DA:27,2
DA:34,2
DA:39,2
DA:40,2
DA:41,2
DA:46,2
DA:48,4
DA:49,0
DA:54,4
DA:57,4
DA:64,4
DA:77,2
DA:81,0
DA:82,0
DA:85,2
LF:20
LH:17
BRDA:48,0,0,0
BRDA:48,0,1,4
BRDA:48,1,0,4
BRDA:48,1,1,4
BRDA:54,2,0,4
BRDA:54,2,1,0
BRF:6
BRH:4
end_of_record
TN:
SF:api-v2/middleware/rateLimit.js
FNF:0
FNH:0
DA:1,2
DA:4,2
DA:13,2
DA:22,2
DA:31,2
DA:39,2
LF:6
LH:6
BRF:0
BRH:0
end_of_record
TN:
SF:api-v2/middleware/validate.js
FN:5,(anonymous_0)
FN:5,(anonymous_1)
FN:17,(anonymous_2)
FN:25,(anonymous_3)
FN:25,(anonymous_4)
FN:37,(anonymous_5)
FN:37,(anonymous_6)
FN:43,(anonymous_7)
FNF:8
FNH:4
FNDA:31,(anonymous_0)
FNDA:7,(anonymous_1)
FNDA:3,(anonymous_2)
FNDA:28,(anonymous_3)
FNDA:0,(anonymous_4)
FNDA:0,(anonymous_5)
FNDA:0,(anonymous_6)
FNDA:0,(anonymous_7)
DA:1,3
DA:2,3
DA:5,31
DA:6,7
DA:7,7
DA:8,0
DA:9,0
DA:12,7
DA:13,7
DA:14,5
DA:16,2
DA:17,3
DA:18,2
DA:20,0
DA:25,28
DA:26,0
DA:27,0
DA:29,0
DA:30,0
DA:33,0
DA:37,3
DA:38,0
DA:39,0
DA:40,0
DA:42,0
DA:43,0
DA:44,0
DA:46,0
DA:50,3
LF:29
LH:14
BRDA:7,0,0,0
BRDA:7,0,1,7
BRDA:16,1,0,2
BRDA:16,1,1,0
BRDA:25,2,0,0
BRDA:29,3,0,0
BRDA:29,3,1,0
BRDA:29,4,0,0
BRDA:29,4,1,0
BRDA:42,5,0,0
BRDA:42,5,1,0
BRF:11
BRH:2
end_of_record
TN:
SF:api-v2/routes/auth.routes.js
FN:21,(anonymous_0)
FN:89,(anonymous_1)
FN:129,(anonymous_2)
FN:144,(anonymous_3)
FN:156,(anonymous_4)
FNF:5
FNH:1
FNDA:2,(anonymous_0)
FNDA:0,(anonymous_1)
FNDA:0,(anonymous_2)
FNDA:0,(anonymous_3)
FNDA:0,(anonymous_4)
DA:1,2
DA:2,2
DA:3,2
DA:4,2
DA:6,2
DA:7,2
DA:8,2
DA:9,2
DA:10,2
DA:11,2
DA:18,2
DA:21,2
DA:22,2
DA:23,2
DA:25,2
DA:33,2
DA:34,1
DA:35,1
DA:36,1
DA:39,1
DA:41,1
DA:42,0
DA:43,0
DA:46,1
DA:47,0
DA:48,0
DA:51,1
DA:52,1
DA:53,0
DA:54,0
DA:57,1
DA:63,1
DA:64,1
DA:66,1
DA:68,1
DA:83,0
DA:84,0
DA:89,2
DA:90,0
DA:91,0
DA:93,0
DA:94,0
DA:95,0
DA:98,0
DA:99,0
DA:100,0
DA:103,0
DA:105,0
DA:111,0
DA:112,0
DA:114,0
DA:116,0
DA:123,0
DA:124,0
DA:129,2
DA:130,0
DA:131,0
DA:132,0
DA:133,0
DA:135,0
DA:136,0
DA:138,0
DA:139,0
DA:144,2
DA:145,0
DA:146,0
DA:147,0
DA:148,0
DA:150,0
DA:151,0
DA:156,2
DA:157,0
DA:158,0
DA:166,0
DA:167,0
DA:179,0
DA:183,2
LF:77
LH:34
BRDA:33,0,0,1
BRDA:33,0,1,1
BRDA:41,1,0,0
BRDA:41,1,1,1
BRDA:46,2,0,0
BRDA:46,2,1,1
BRDA:52,3,0,0
BRDA:52,3,1,1
BRDA:79,4,0,1
BRDA:79,4,1,1
BRDA:79,5,0,1
BRDA:79,5,1,1
BRDA:94,6,0,0
BRDA:94,6,1,0
BRDA:98,7,0,0
BRDA:98,7,1,0
BRDA:132,8,0,0
BRDA:132,8,1,0
BRDA:175,9,0,0
BRDA:175,9,1,0
BRDA:175,10,0,0
BRDA:175,10,1,0
BRF:22
BRH:9
end_of_record
TN:
SF:api-v2/routes/deliveries.routes.js
FN:11,(anonymous_0)
FN:83,(anonymous_1)
FN:120,(anonymous_2)
FN:156,(anonymous_3)
FN:195,(anonymous_4)
FN:269,(anonymous_5)
FN:287,(anonymous_6)
FN:306,(anonymous_7)
FNF:8
FNH:0
FNDA:0,(anonymous_0)
FNDA:0,(anonymous_1)
FNDA:0,(anonymous_2)
FNDA:0,(anonymous_3)
FNDA:0,(anonymous_4)
FNDA:0,(anonymous_5)
FNDA:0,(anonymous_6)
FNDA:0,(anonymous_7)
DA:1,2
DA:2,2
DA:4,2
DA:5,2
DA:6,2
DA:7,2
DA:8,2
DA:11,2
DA:12,0
DA:13,0
DA:14,0
DA:15,0
DA:16,0
DA:18,0
DA:19,0
DA:21,0
DA:22,0
DA:23,0
DA:27,0
DA:31,0
DA:33,0
DA:43,0
DA:44,0
DA:45,0
DA:46,0
DA:65,0
DA:77,0
DA:78,0
DA:83,2
DA:84,0
DA:85,0
DA:92,0
DA:93,0
DA:94,0
DA:95,0
DA:112,0
DA:114,0
DA:115,0
DA:120,2
DA:121,0
DA:122,0
DA:130,0
DA:131,0
DA:132,0
DA:133,0
DA:148,0
DA:150,0
DA:151,0
DA:156,2
DA:157,0
DA:158,0
DA:166,0
DA:167,0
DA:170,0
DA:171,0
DA:173,0
DA:190,0
DA:195,2
DA:196,0
DA:197,0
DA:200,0
DA:205,0
DA:206,0
DA:209,0
DA:210,0
DA:213,0
DA:214,0
DA:220,0
DA:221,0
DA:222,0
DA:229,0
DA:231,0
DA:232,0
DA:238,0
DA:239,0
DA:240,0
DA:243,0
DA:245,0
DA:246,0
DA:252,0
DA:255,0
DA:261,0
DA:263,0
DA:264,0
DA:269,2
DA:270,0
DA:271,0
DA:273,0
DA:279,0
DA:281,0
DA:282,0
DA:287,2
DA:288,0
DA:289,0
DA:297,0
DA:299,0
DA:300,0
DA:306,2
DA:307,0
DA:308,0
DA:309,0
DA:312,0
DA:317,0
DA:318,0
DA:321,0
DA:329,0
DA:331,0
DA:333,0
DA:337,2
LF:109
LH:16
BRDA:13,0,0,0
BRDA:13,0,1,0
BRDA:14,1,0,0
BRDA:14,1,1,0
BRDA:21,2,0,0
BRDA:21,2,1,0
BRDA:21,3,0,0
BRDA:21,3,1,0
BRDA:51,4,0,0
BRDA:51,4,1,0
BRDA:52,5,0,0
BRDA:52,5,1,0
BRDA:57,6,0,0
BRDA:57,6,1,0
BRDA:61,7,0,0
BRDA:61,7,1,0
BRDA:100,8,0,0
BRDA:100,8,1,0
BRDA:101,9,0,0
BRDA:101,9,1,0
BRDA:106,10,0,0
BRDA:106,10,1,0
BRDA:138,11,0,0
BRDA:138,11,1,0
BRDA:139,12,0,0
BRDA:139,12,1,0
BRDA:166,13,0,0
BRDA:166,13,1,0
BRDA:180,14,0,0
BRDA:180,14,1,0
BRDA:181,15,0,0
BRDA:181,15,1,0
BRDA:186,16,0,0
BRDA:186,16,1,0
BRDA:205,17,0,0
BRDA:205,17,1,0
BRDA:209,18,0,0
BRDA:209,18,1,0
BRDA:213,19,0,0
BRDA:213,19,1,0
BRDA:217,20,0,0
BRDA:217,20,1,0
BRDA:217,21,0,0
BRDA:217,21,1,0
BRDA:217,22,0,0
BRDA:217,22,1,0
BRDA:221,23,0,0
BRDA:221,23,1,0
BRDA:225,24,0,0
BRDA:225,24,1,0
BRDA:225,25,0,0
BRDA:225,25,1,0
BRDA:231,26,0,0
BRDA:231,26,1,0
BRDA:235,27,0,0
BRDA:235,27,1,0
BRDA:235,28,0,0
BRDA:235,28,1,0
BRDA:239,29,0,0
BRDA:239,29,1,0
BRDA:245,30,0,0
BRDA:245,30,1,0
BRDA:249,31,0,0
BRDA:249,31,1,0
BRDA:249,32,0,0
BRDA:249,32,1,0
BRDA:249,33,0,0
BRDA:249,33,1,0
BRDA:257,34,0,0
BRDA:257,34,1,0
BRDA:317,35,0,0
BRDA:317,35,1,0
BRDA:326,36,0,0
BRDA:326,36,1,0
BRF:74
BRH:0
end_of_record
TN:
SF:api-v2/routes/health.routes.js
FN:13,(anonymous_0)
FN:22,(anonymous_1)
FN:28,(anonymous_2)
FNF:3
FNH:0
FNDA:0,(anonymous_0)
FNDA:0,(anonymous_1)
FNDA:0,(anonymous_2)
DA:6,2
DA:7,2
DA:8,2
DA:9,2
DA:13,2
DA:14,0
DA:22,2
DA:23,0
DA:28,2
DA:29,0
DA:37,0
DA:39,0
DA:40,0
DA:41,0
DA:48,0
DA:50,0
DA:51,0
DA:57,0
DA:61,2
LF:19
LH:8
BRF:0
BRH:0
end_of_record
TN:
SF:api-v2/routes/orders.routes.js
FN:11,(anonymous_0)
FN:73,(anonymous_1)
FN:94,(anonymous_2)
FN:135,(anonymous_3)
FN:192,(anonymous_4)
FN:233,(anonymous_5)
FN:258,(anonymous_6)
FN:289,(anonymous_7)
FNF:8
FNH:2
FNDA:1,(anonymous_0)
FNDA:0,(anonymous_1)
FNDA:0,(anonymous_2)
FNDA:1,(anonymous_3)
FNDA:0,(anonymous_4)
FNDA:0,(anonymous_5)
FNDA:0,(anonymous_6)
FNDA:0,(anonymous_7)
DA:1,2
DA:2,2
DA:4,2
DA:5,2
DA:6,2
DA:7,2
DA:8,2
DA:11,2
DA:12,1
DA:13,1
DA:14,1
DA:15,1
DA:16,1
DA:19,1
DA:20,1
DA:22,1
DA:23,0
DA:24,0
DA:28,1
DA:32,1
DA:35,1
DA:45,1
DA:46,1
DA:47,2
DA:48,2
DA:55,1
DA:67,0
DA:68,0
DA:73,2
DA:74,0
DA:75,0
DA:80,0
DA:81,0
DA:82,0
DA:83,0
DA:86,0
DA:88,0
DA:89,0
DA:94,2
DA:95,0
DA:96,0
DA:107,0
DA:108,0
DA:109,0
DA:110,0
DA:127,0
DA:129,0
DA:130,0
DA:135,2
DA:136,1
DA:137,1
DA:138,1
DA:140,1
DA:141,1
DA:142,1
DA:143,1
DA:144,1
DA:148,1
DA:149,0
DA:153,1
DA:161,1
DA:163,1
DA:169,1
DA:171,1
DA:172,1
DA:173,1
DA:174,1
DA:181,1
DA:183,1
DA:184,1
DA:186,0
DA:187,0
DA:192,2
DA:193,0
DA:194,0
DA:196,0
DA:201,0
DA:202,0
DA:205,0
DA:207,0
DA:208,0
DA:209,0
DA:210,0
DA:211,0
DA:212,0
DA:213,0
DA:220,0
DA:222,0
DA:224,0
DA:225,0
DA:227,0
DA:228,0
DA:233,2
DA:234,0
DA:235,0
DA:240,0
DA:241,0
DA:243,0
DA:249,0
DA:251,0
DA:253,0
DA:258,2
DA:259,0
DA:260,0
DA:262,0
DA:267,0
DA:268,0
DA:271,0
DA:277,0
DA:279,0
DA:281,0
DA:283,0
DA:284,0
DA:289,2
DA:290,0
DA:291,0
DA:293,0
DA:298,0
DA:299,0
DA:302,0
DA:304,0
DA:305,0
DA:307,0
DA:308,0
DA:311,0
DA:316,0
DA:318,0
DA:320,0
DA:321,0
DA:325,2
LF:130
LH:52
BRDA:13,0,0,1
BRDA:13,0,1,1
BRDA:14,1,0,1
BRDA:14,1,1,1
BRDA:22,2,0,0
BRDA:22,2,1,1
BRDA:22,3,0,1
BRDA:22,3,1,0
BRDA:143,4,0,1
BRDA:143,4,1,0
BRDA:148,5,0,0
BRDA:148,5,1,1
BRDA:173,6,0,1
BRDA:173,6,1,0
BRDA:201,7,0,0
BRDA:201,7,1,0
BRDA:210,8,0,0
BRDA:210,8,1,0
BRDA:240,9,0,0
BRDA:240,9,1,0
BRDA:241,10,0,0
BRDA:241,10,1,0
BRDA:267,11,0,0
BRDA:267,11,1,0
BRDA:298,12,0,0
BRDA:298,12,1,0
BRDA:304,13,0,0
BRDA:304,13,1,0
BRDA:304,14,0,0
BRDA:304,14,1,0
BRDA:307,15,0,0
BRDA:307,15,1,0
BRDA:307,16,0,0
BRDA:307,16,1,0
BRF:34
BRH:9
end_of_record
TN:
SF:api-v2/routes/organization.routes.js
FN:11,(anonymous_0)
FN:39,(anonymous_1)
FN:58,(anonymous_2)
FN:87,(anonymous_3)
FN:104,(anonymous_4)
FN:121,(anonymous_5)
FNF:6
FNH:0
FNDA:0,(anonymous_0)
FNDA:0,(anonymous_1)
FNDA:0,(anonymous_2)
FNDA:0,(anonymous_3)
FNDA:0,(anonymous_4)
FNDA:0,(anonymous_5)
DA:1,2
DA:2,2
DA:4,2
DA:5,2
DA:6,2
DA:7,2
DA:8,2
DA:11,2
DA:12,0
DA:13,0
DA:18,0
DA:19,0
DA:22,0
DA:23,0
DA:33,0
DA:34,0
DA:39,2
DA:40,0
DA:41,0
DA:43,0
DA:48,0
DA:50,0
DA:52,0
DA:53,0
DA:58,2
DA:59,0
DA:60,0
DA:61,0
DA:71,0
DA:72,0
DA:81,0
DA:82,0
DA:87,2
DA:88,0
DA:89,0
DA:104,0
DA:113,0
DA:115,0
DA:116,0
DA:121,2
DA:122,0
DA:123,0
DA:124,0
DA:125,0
DA:127,0
DA:128,0
DA:132,2
LF:47
LH:13
BRDA:18,0,0,0
BRDA:18,0,1,0
BRDA:29,1,0,0
BRDA:29,1,1,0
BRDA:45,2,0,0
BRDA:45,2,1,0
BRDA:75,3,0,0
BRDA:75,3,1,0
BRDA:76,4,0,0
BRDA:76,4,1,0
BRDA:77,5,0,0
BRDA:77,5,1,0
BRDA:106,6,0,0
BRDA:106,6,1,0
BRDA:107,7,0,0
BRDA:107,7,1,0
BRDA:108,8,0,0
BRDA:108,8,1,0
BRDA:109,9,0,0
BRDA:109,9,1,0
BRF:20
BRH:0
end_of_record
TN:
SF:api-v2/routes/products.routes.js
FN:10,(anonymous_0)
FN:23,(anonymous_1)
FN:29,(anonymous_2)
FN:36,(anonymous_3)
FN:60,(anonymous_4)
FN:77,(anonymous_5)
FN:123,(anonymous_6)
FN:139,(anonymous_7)
FNF:8
FNH:0
FNDA:0,(anonymous_0)
FNDA:0,(anonymous_1)
FNDA:0,(anonymous_2)
FNDA:0,(anonymous_3)
FNDA:0,(anonymous_4)
FNDA:0,(anonymous_5)
FNDA:0,(anonymous_6)
FNDA:0,(anonymous_7)
DA:1,2
DA:2,2
DA:4,2
DA:5,2
DA:6,2
DA:7,2
DA:10,2
DA:11,0
DA:12,0
DA:16,0
DA:18,0
DA:23,2
DA:24,0
DA:25,0
DA:29,0
DA:31,0
DA:36,2
DA:37,0
DA:38,0
DA:40,0
DA:44,0
DA:46,0
DA:51,0
DA:53,0
DA:55,0
DA:60,2
DA:61,0
DA:62,0
DA:63,0
DA:68,0
DA:70,0
DA:72,0
DA:77,2
DA:78,0
DA:79,0
DA:80,0
DA:82,0
DA:86,0
DA:87,0
DA:90,0
DA:93,0
DA:94,0
DA:99,0
DA:105,0
DA:106,0
DA:109,0
DA:110,0
DA:112,0
DA:113,0
DA:115,0
DA:117,0
DA:118,0
DA:123,2
DA:124,0
DA:125,0
DA:130,0
DA:132,0
DA:134,0
DA:139,2
DA:140,0
DA:141,0
DA:146,0
DA:148,0
DA:150,0
DA:154,2
LF:65
LH:14
BRDA:48,0,0,0
BRDA:48,0,1,0
BRDA:48,1,0,0
BRDA:48,1,1,0
BRDA:48,2,0,0
BRDA:48,2,1,0
BRDA:48,3,0,0
BRDA:48,3,1,0
BRDA:48,4,0,0
BRDA:48,4,1,0
BRDA:65,5,0,0
BRDA:65,5,1,0
BRDA:65,6,0,0
BRDA:65,6,1,0
BRDA:65,7,0,0
BRDA:65,7,1,0
BRDA:65,8,0,0
BRDA:65,8,1,0
BRDA:65,9,0,0
BRDA:65,9,1,0
BRDA:86,10,0,0
BRDA:86,10,1,0
BRDA:90,11,0,0
BRDA:90,11,1,0
BRDA:93,12,0,0
BRDA:93,12,1,0
BRDA:105,13,0,0
BRDA:105,13,1,0
BRDA:109,14,0,0
BRDA:109,14,1,0
BRF:30
BRH:0
end_of_record
TN:
SF:api-v2/routes/superAdmin.routes.js
FN:14,(anonymous_0)
FN:19,(anonymous_1)
FN:41,(anonymous_2)
FN:51,(anonymous_3)
FN:76,(anonymous_4)
FN:118,(anonymous_5)
FN:134,(anonymous_6)
FN:155,(anonymous_7)
FN:171,(anonymous_8)
FN:197,(anonymous_9)
FN:249,(anonymous_10)
FN:293,(anonymous_11)
FNF:12
FNH:0
FNDA:0,(anonymous_0)
FNDA:0,(anonymous_1)
FNDA:0,(anonymous_2)
FNDA:0,(anonymous_3)
FNDA:0,(anonymous_4)
FNDA:0,(anonymous_5)
FNDA:0,(anonymous_6)
FNDA:0,(anonymous_7)
FNDA:0,(anonymous_8)
FNDA:0,(anonymous_9)
FNDA:0,(anonymous_10)
FNDA:0,(anonymous_11)
DA:1,2
DA:2,2
DA:3,2
DA:5,2
DA:6,2
DA:7,2
DA:8,2
DA:9,2
DA:10,2
DA:11,2
DA:14,2
DA:15,0
DA:19,2
DA:20,0
DA:21,0
DA:22,0
DA:23,0
DA:24,0
DA:26,0
DA:36,0
DA:41,2
DA:42,0
DA:43,0
DA:44,0
DA:46,0
DA:51,2
DA:52,0
DA:53,0
DA:55,0
DA:59,0
DA:61,0
DA:62,0
DA:67,0
DA:69,0
DA:71,0
DA:76,2
DA:77,0
DA:79,0
DA:86,0
DA:89,0
DA:96,0
DA:99,0
DA:102,0
DA:105,0
DA:108,0
DA:110,0
DA:112,0
DA:113,0
DA:118,2
DA:119,0
DA:120,0
DA:127,0
DA:129,0
DA:134,2
DA:135,0
DA:136,0
DA:137,0
DA:138,0
DA:141,0
DA:142,0
DA:145,0
DA:147,0
DA:149,0
DA:150,0
DA:155,2
DA:156,0
DA:157,0
DA:158,0
DA:159,0
DA:161,0
DA:162,0
DA:171,2
DA:172,0
DA:173,0
DA:174,0
DA:180,0
DA:184,0
DA:186,0
DA:192,0
DA:197,2
DA:198,0
DA:199,0
DA:200,0
DA:204,0
DA:205,0
DA:206,0
DA:209,0
DA:222,0
DA:232,0
DA:243,0
DA:244,0
DA:249,2
DA:250,0
DA:251,0
DA:253,0
DA:254,0
DA:258,0
DA:262,0
DA:263,0
DA:266,0
DA:269,0
DA:270,0
DA:274,0
DA:282,0
DA:287,0
DA:288,0
DA:293,2
DA:294,0
DA:295,0
DA:297,0
DA:298,0
DA:302,0
DA:306,0
DA:307,0
DA:310,0
DA:313,0
DA:315,0
DA:316,0
DA:317,0
DA:320,0
DA:321,0
DA:325,0
DA:334,0
DA:339,0
DA:340,0
DA:344,2
LF:126
LH:23
BRDA:57,0,0,0
BRDA:57,0,1,0
BRDA:64,1,0,0
BRDA:64,1,1,0
BRDA:141,2,0,0
BRDA:141,2,1,0
BRDA:173,3,0,0
BRDA:173,3,1,0
BRDA:184,4,0,0
BRDA:184,4,1,0
BRDA:199,5,0,0
BRDA:199,5,1,0
BRDA:253,6,0,0
BRDA:253,6,1,0
BRDA:262,7,0,0
BRDA:262,7,1,0
BRDA:262,8,0,0
BRDA:262,8,1,0
BRDA:269,9,0,0
BRDA:269,9,1,0
BRDA:297,10,0,0
BRDA:297,10,1,0
BRDA:306,11,0,0
BRDA:306,11,1,0
BRDA:315,12,0,0
BRDA:315,12,1,0
BRDA:315,13,0,0
BRDA:315,13,1,0
BRDA:320,14,0,0
BRDA:320,14,1,0
BRF:30
BRH:0
end_of_record
TN:
SF:api-v2/routes/users.routes.js
FN:11,(anonymous_0)
FN:24,(anonymous_1)
FN:37,(anonymous_2)
FN:64,(anonymous_3)
FN:105,(anonymous_4)
FN:121,(anonymous_5)
FNF:6
FNH:0
FNDA:0,(anonymous_0)
FNDA:0,(anonymous_1)
FNDA:0,(anonymous_2)
FNDA:0,(anonymous_3)
FNDA:0,(anonymous_4)
FNDA:0,(anonymous_5)
DA:1,2
DA:2,2
DA:3,2
DA:5,2
DA:6,2
DA:7,2
DA:8,2
DA:11,2
DA:12,0
DA:13,0
DA:17,0
DA:19,0
DA:24,2
DA:25,0
DA:26,0
DA:30,0
DA:32,0
DA:37,2
DA:38,0
DA:39,0
DA:41,0
DA:42,0
DA:43,0
DA:46,0
DA:47,0
DA:49,0
DA:54,0
DA:56,0
DA:58,0
DA:59,0
DA:64,2
DA:65,0
DA:66,0
DA:68,0
DA:73,0
DA:74,0
DA:77,0
DA:78,0
DA:81,0
DA:86,0
DA:87,0
DA:88,0
DA:89,0
DA:92,0
DA:93,0
DA:95,0
DA:97,0
DA:99,0
DA:100,0
DA:105,2
DA:106,0
DA:107,0
DA:112,0
DA:114,0
DA:116,0
DA:121,2
DA:122,0
DA:123,0
DA:124,0
DA:127,0
DA:132,0
DA:133,0
DA:136,0
DA:137,0
DA:140,0
DA:141,0
DA:142,0
DA:146,0
DA:147,0
DA:148,0
DA:149,0
DA:152,0
DA:156,0
DA:161,0
DA:163,0
DA:165,0
DA:166,0
DA:170,2
LF:78
LH:14
BRDA:42,0,0,0
BRDA:42,0,1,0
BRDA:47,1,0,0
BRDA:47,1,1,0
BRDA:73,2,0,0
BRDA:73,2,1,0
BRDA:77,3,0,0
BRDA:77,3,1,0
BRDA:86,4,0,0
BRDA:86,4,1,0
BRDA:132,5,0,0
BRDA:132,5,1,0
BRDA:140,6,0,0
BRDA:140,6,1,0
BRDA:140,7,0,0
BRDA:140,7,1,0
BRDA:140,7,2,0
BRDA:147,8,0,0
BRDA:147,8,1,0
BRDA:147,9,0,0
BRDA:147,9,1,0
BRDA:158,10,0,0
BRDA:158,10,1,0
BRDA:158,11,0,0
BRDA:158,11,1,0
BRDA:158,12,0,0
BRDA:158,12,1,0
BRF:27
BRH:0
end_of_record
TN:
SF:api-v2/schemas/validation.js
FN:21,(anonymous_0)
FNF:1
FNH:0
FNDA:0,(anonymous_0)
DA:1,2
DA:3,2
DA:21,0
DA:115,2
LF:4
LH:3
BRF:0
BRH:0
end_of_record
TN:
SF:api-v2/services/audit.service.js
FN:6,logAudit
FN:28,getAuditLogs
FN:60,getAllAuditLogs
FNF:3
FNH:2
FNDA:6,logAudit
FNDA:2,getAuditLogs
FNDA:0,getAllAuditLogs
DA:1,3
DA:7,6
DA:8,6
DA:11,6
DA:15,6
DA:21,1
DA:29,2
DA:35,2
DA:36,2
DA:38,2
DA:39,1
DA:40,1
DA:41,1
DA:44,2
DA:45,1
DA:46,1
DA:47,1
DA:50,2
DA:51,2
DA:53,2
DA:54,2
DA:61,0
DA:70,0
DA:73,3
LF:24
LH:22
BRDA:6,0,0,1
BRDA:6,1,0,2
BRDA:8,2,0,4
BRDA:8,2,1,2
BRDA:9,3,0,4
BRDA:9,3,1,3
BRDA:9,3,2,0
BRDA:11,4,0,4
BRDA:11,4,1,2
BRDA:12,5,0,4
BRDA:12,5,1,3
BRDA:28,6,0,1
BRDA:28,7,0,2
BRDA:28,8,0,2
BRDA:38,9,0,1
BRDA:38,9,1,1
BRDA:44,10,0,1
BRDA:44,10,1,1
BRDA:60,11,0,0
BRDA:60,12,0,0
BRDA:60,13,0,0
BRF:21
BRH:17
end_of_record
TN:
SF:api-v2/services/order.service.js
FN:4,(anonymous_0)
FN:13,getOrderItems
FN:21,(anonymous_2)
FN:34,getOrderWithItems
FN:74,formatOrder
FNF:5
FNH:4
FNDA:5,(anonymous_0)
FNDA:3,getOrderItems
FNDA:1,(anonymous_2)
FNDA:0,getOrderWithItems
FNDA:2,formatOrder
DA:1,2
DA:4,2
DA:5,5
DA:6,3
DA:7,3
DA:14,3
DA:21,3
DA:35,0
DA:43,0
DA:45,0
DA:46,0
DA:48,0
DA:75,2
DA:91,2
LF:14
LH:9
BRDA:5,0,0,2
BRDA:5,0,1,3
BRDA:5,1,0,5
BRDA:5,1,1,5
BRDA:7,2,0,0
BRDA:7,2,1,3
BRDA:25,3,0,1
BRDA:25,3,1,1
BRDA:27,4,0,1
BRDA:27,4,1,0
BRDA:43,5,0,0
BRDA:43,5,1,0
BRDA:50,6,0,0
BRDA:50,6,1,0
BRDA:53,7,0,0
BRDA:53,7,1,0
BRDA:55,8,0,0
BRDA:55,8,1,0
BRDA:56,9,0,0
BRDA:56,9,1,0
BRDA:62,10,0,0
BRDA:62,10,1,0
BRDA:63,11,0,0
BRDA:63,11,1,0
BRDA:64,12,0,0
BRDA:64,12,1,0
BRDA:65,13,0,0
BRDA:65,13,1,0
BRDA:66,14,0,0
BRDA:66,14,1,0
BRDA:74,15,0,0
BRDA:77,16,0,2
BRDA:77,16,1,2
BRDA:80,17,0,2
BRDA:80,17,1,2
BRDA:82,18,0,2
BRDA:82,18,1,2
BRDA:83,19,0,2
BRDA:83,19,1,2
BRDA:87,20,0,2
BRDA:87,20,1,0
BRDA:87,21,0,0
BRDA:87,21,1,0
BRF:43
BRH:17
end_of_record
TN:
SF:api-v2/services/token.service.js
FN:8,generateRefreshToken
FN:15,saveRefreshToken
FN:29,validateRefreshToken
FN:43,revokeRefreshToken
FN:53,revokeAllUserTokens
FN:63,revokeAllOrgTokens
FN:74,cleanupExpiredTokens
FNF:7
FNH:2
FNDA:1,generateRefreshToken
FNDA:1,saveRefreshToken
FNDA:0,validateRefreshToken
FNDA:0,revokeRefreshToken
FNDA:0,revokeAllUserTokens
FNDA:0,revokeAllOrgTokens
FNDA:0,cleanupExpiredTokens
DA:1,2
DA:2,2
DA:3,2
DA:9,1
DA:16,1
DA:17,1
DA:19,1
DA:23,1
DA:30,0
DA:37,0
DA:44,0
DA:54,0
DA:64,0
DA:75,0
DA:78,0
DA:81,2
LF:16
LH:9
BRDA:15,0,0,1
BRDA:37,1,0,0
BRDA:37,1,1,0
BRF:3
BRH:1
end_of_record
TN:
SF:api-v2/services/twofa.service.js
FN:33,(anonymous_0)
FN:60,(anonymous_1)
FN:87,(anonymous_2)
FN:105,(anonymous_3)
FN:106,(anonymous_4)
FN:117,(anonymous_5)
FN:126,(anonymous_6)
FN:138,(anonymous_7)
FNF:8
FNH:0
FNDA:0,(anonymous_0)
FNDA:0,(anonymous_1)
FNDA:0,(anonymous_2)
FNDA:0,(anonymous_3)
FNDA:0,(anonymous_4)
FNDA:0,(anonymous_5)
FNDA:0,(anonymous_6)
FNDA:0,(anonymous_7)
DA:6,2
DA:10,2
DA:11,2
DA:12,2
DA:14,0
DA:15,0
DA:19,2
DA:27,2
DA:33,2
DA:34,0
DA:35,0
DA:38,0
DA:41,0
DA:47,0
DA:60,2
DA:61,0
DA:62,0
DA:65,0
DA:66,0
DA:70,0
DA:72,0
DA:73,0
DA:78,0
DA:79,0
DA:87,2
DA:88,0
DA:90,0
DA:92,0
DA:93,0
DA:94,0
DA:97,0
DA:105,2
DA:106,0
DA:107,0
DA:117,2
DA:118,0
DA:119,0
DA:123,0
DA:124,0
DA:126,0
DA:128,0
DA:138,2
DA:139,0
DA:142,2
LF:44
LH:13
BRDA:20,0,0,2
BRDA:20,0,1,2
BRDA:33,1,0,0
BRDA:34,2,0,0
BRDA:34,2,1,0
BRDA:61,3,0,0
BRDA:61,3,1,0
BRDA:65,4,0,0
BRDA:65,4,1,0
BRDA:65,5,0,0
BRDA:65,5,1,0
BRDA:118,6,0,0
BRDA:118,6,1,0
BRDA:118,7,0,0
BRDA:118,7,1,0
BRF:15
BRH:2
end_of_record
